{"C:\\Users\\Berkay\\Desktop\\survey\\index.js": {"path":"C:\\Users\\Berkay\\Desktop\\survey\\index.js","statementMap":{"0":{"start":{"line":1,"column":0},"end":{"line":1,"column":27}},"1":{"start":{"line":2,"column":14},"end":{"line":2,"column":32}},"2":{"start":{"line":3,"column":10},"end":{"line":3,"column":19}},"3":{"start":{"line":4,"column":11},"end":{"line":4,"column":33}},"4":{"start":{"line":5,"column":21},"end":{"line":5,"column":56}},"5":{"start":{"line":6,"column":22},"end":{"line":6,"column":57}},"6":{"start":{"line":7,"column":16},"end":{"line":7,"column":49}},"7":{"start":{"line":8,"column":0},"end":{"line":8,"column":39}},"8":{"start":{"line":9,"column":0},"end":{"line":12,"column":3}},"9":{"start":{"line":10,"column":4},"end":{"line":10,"column":31}},"10":{"start":{"line":10,"column":12},"end":{"line":10,"column":31}},"11":{"start":{"line":15,"column":0},"end":{"line":15,"column":24}},"12":{"start":{"line":18,"column":0},"end":{"line":18,"column":44}},"13":{"start":{"line":19,"column":0},"end":{"line":19,"column":42}},"14":{"start":{"line":20,"column":0},"end":{"line":20,"column":19}},"15":{"start":{"line":21,"column":0},"end":{"line":21,"column":46}},"16":{"start":{"line":22,"column":0},"end":{"line":22,"column":46}},"17":{"start":{"line":24,"column":0},"end":{"line":26,"column":3}},"18":{"start":{"line":28,"column":0},"end":{"line":28,"column":19}}},"fnMap":{"0":{"name":"(anonymous_0)","decl":{"start":{"line":8,"column":20},"end":{"line":8,"column":21}},"loc":{"start":{"line":8,"column":25},"end":{"line":8,"column":27}},"line":8},"1":{"name":"(anonymous_1)","decl":{"start":{"line":9,"column":24},"end":{"line":9,"column":25}},"loc":{"start":{"line":9,"column":37},"end":{"line":12,"column":1}},"line":9},"2":{"name":"(anonymous_2)","decl":{"start":{"line":24,"column":16},"end":{"line":24,"column":17}},"loc":{"start":{"line":24,"column":20},"end":{"line":26,"column":1}},"line":24}},"branchMap":{"0":{"loc":{"start":{"line":4,"column":11},"end":{"line":4,"column":33}},"type":"binary-expr","locations":[{"start":{"line":4,"column":11},"end":{"line":4,"column":27}},{"start":{"line":4,"column":29},"end":{"line":4,"column":33}}],"line":4},"1":{"loc":{"start":{"line":10,"column":4},"end":{"line":10,"column":31}},"type":"if","locations":[{"start":{"line":10,"column":4},"end":{"line":10,"column":31}},{"start":{},"end":{}}],"line":10}},"s":{"0":1,"1":1,"2":1,"3":1,"4":1,"5":1,"6":1,"7":1,"8":1,"9":1,"10":0,"11":1,"12":1,"13":1,"14":1,"15":1,"16":1,"17":1,"18":1},"f":{"0":1,"1":1,"2":1},"b":{"0":[1,0],"1":[0,1]},"_coverageSchema":"1a1c01bbd47fc00a2c39e90264f33305004495a9","hash":"a072f2366f4730c5c842bd14c73989db552d47f1"}
,"C:\\Users\\Berkay\\Desktop\\survey\\config\\Role_List.js": {"path":"C:\\Users\\Berkay\\Desktop\\survey\\config\\Role_List.js","statementMap":{"0":{"start":{"line":1,"column":15},"end":{"line":5,"column":1}},"1":{"start":{"line":6,"column":0},"end":{"line":6,"column":24}}},"fnMap":{},"branchMap":{},"s":{"0":1,"1":1},"f":{},"b":{},"_coverageSchema":"1a1c01bbd47fc00a2c39e90264f33305004495a9","hash":"f3dc59d25468f5d53f9433e4f56abe66e6cdf16b"}
,"C:\\Users\\Berkay\\Desktop\\survey\\config\\mysqlConnection.js": {"path":"C:\\Users\\Berkay\\Desktop\\survey\\config\\mysqlConnection.js","statementMap":{"0":{"start":{"line":1,"column":12},"end":{"line":1,"column":28}},"1":{"start":{"line":2,"column":23},"end":{"line":8,"column":2}},"2":{"start":{"line":9,"column":0},"end":{"line":9,"column":31}}},"fnMap":{},"branchMap":{},"s":{"0":1,"1":1,"2":1},"f":{},"b":{},"_coverageSchema":"1a1c01bbd47fc00a2c39e90264f33305004495a9","hash":"ea39f9e4a85fda111614c42ee3ecdffe37e7a91f"}
,"C:\\Users\\Berkay\\Desktop\\survey\\config\\redisConnection.js": {"path":"C:\\Users\\Berkay\\Desktop\\survey\\config\\redisConnection.js","statementMap":{"0":{"start":{"line":1,"column":12},"end":{"line":1,"column":28}},"1":{"start":{"line":3,"column":15},"end":{"line":3,"column":35}},"2":{"start":{"line":5,"column":19},"end":{"line":9,"column":1}},"3":{"start":{"line":6,"column":4},"end":{"line":8,"column":6}},"4":{"start":{"line":11,"column":0},"end":{"line":11,"column":38}}},"fnMap":{"0":{"name":"(anonymous_0)","decl":{"start":{"line":5,"column":19},"end":{"line":5,"column":20}},"loc":{"start":{"line":5,"column":28},"end":{"line":9,"column":1}},"line":5},"1":{"name":"(anonymous_1)","decl":{"start":{"line":6,"column":26},"end":{"line":6,"column":27}},"loc":{"start":{"line":6,"column":33},"end":{"line":8,"column":5}},"line":6}},"branchMap":{},"s":{"0":1,"1":1,"2":1,"3":1,"4":1},"f":{"0":1,"1":1},"b":{},"_coverageSchema":"1a1c01bbd47fc00a2c39e90264f33305004495a9","hash":"647c463551377e659e55b26fedc2ea2860e38b4c"}
,"C:\\Users\\Berkay\\Desktop\\survey\\controller\\answer\\getAnswersBySurveyController.js": {"path":"C:\\Users\\Berkay\\Desktop\\survey\\controller\\answer\\getAnswersBySurveyController.js","statementMap":{"0":{"start":{"line":1,"column":27},"end":{"line":1,"column":55}},"1":{"start":{"line":2,"column":29},"end":{"line":2,"column":61}},"2":{"start":{"line":3,"column":28},"end":{"line":3,"column":58}},"3":{"start":{"line":4,"column":32},"end":{"line":28,"column":1}},"4":{"start":{"line":5,"column":21},"end":{"line":5,"column":29}},"5":{"start":{"line":6,"column":19},"end":{"line":6,"column":31}},"6":{"start":{"line":7,"column":4},"end":{"line":7,"column":82}},"7":{"start":{"line":7,"column":18},"end":{"line":7,"column":82}},"8":{"start":{"line":9,"column":4},"end":{"line":27,"column":5}},"9":{"start":{"line":10,"column":19},"end":{"line":10,"column":52}},"10":{"start":{"line":11,"column":24},"end":{"line":11,"column":59}},"11":{"start":{"line":12,"column":8},"end":{"line":23,"column":9}},"12":{"start":{"line":13,"column":31},"end":{"line":13,"column":34}},"13":{"start":{"line":14,"column":12},"end":{"line":16,"column":15}},"14":{"start":{"line":15,"column":16},"end":{"line":15,"column":50}},"15":{"start":{"line":17,"column":12},"end":{"line":17,"column":55}},"16":{"start":{"line":18,"column":12},"end":{"line":18,"column":32}},"17":{"start":{"line":19,"column":25},"end":{"line":19,"column":65}},"18":{"start":{"line":20,"column":12},"end":{"line":22,"column":13}},"19":{"start":{"line":21,"column":16},"end":{"line":21,"column":33}},"20":{"start":{"line":26,"column":8},"end":{"line":26,"column":36}},"21":{"start":{"line":30,"column":0},"end":{"line":30,"column":41}}},"fnMap":{"0":{"name":"(anonymous_0)","decl":{"start":{"line":4,"column":32},"end":{"line":4,"column":33}},"loc":{"start":{"line":4,"column":48},"end":{"line":28,"column":1}},"line":4},"1":{"name":"(anonymous_1)","decl":{"start":{"line":14,"column":30},"end":{"line":14,"column":31}},"loc":{"start":{"line":14,"column":42},"end":{"line":16,"column":13}},"line":14}},"branchMap":{"0":{"loc":{"start":{"line":7,"column":4},"end":{"line":7,"column":82}},"type":"if","locations":[{"start":{"line":7,"column":4},"end":{"line":7,"column":82}},{"start":{},"end":{}}],"line":7},"1":{"loc":{"start":{"line":12,"column":8},"end":{"line":23,"column":9}},"type":"if","locations":[{"start":{"line":12,"column":8},"end":{"line":23,"column":9}},{"start":{},"end":{}}],"line":12},"2":{"loc":{"start":{"line":12,"column":11},"end":{"line":12,"column":28}},"type":"binary-expr","locations":[{"start":{"line":12,"column":11},"end":{"line":12,"column":15}},{"start":{"line":12,"column":19},"end":{"line":12,"column":28}}],"line":12},"3":{"loc":{"start":{"line":20,"column":12},"end":{"line":22,"column":13}},"type":"if","locations":[{"start":{"line":20,"column":12},"end":{"line":22,"column":13}},{"start":{},"end":{}}],"line":20}},"s":{"0":1,"1":1,"2":1,"3":1,"4":0,"5":0,"6":0,"7":0,"8":0,"9":0,"10":0,"11":0,"12":0,"13":0,"14":0,"15":0,"16":0,"17":0,"18":0,"19":0,"20":0,"21":1},"f":{"0":0,"1":0},"b":{"0":[0,0],"1":[0,0],"2":[0,0],"3":[0,0]},"_coverageSchema":"1a1c01bbd47fc00a2c39e90264f33305004495a9","hash":"e21b825bd0d4a3bbf38ee4ed5ac9ec1301f5d26a"}
,"C:\\Users\\Berkay\\Desktop\\survey\\controller\\answer\\sendAnswerController.js": {"path":"C:\\Users\\Berkay\\Desktop\\survey\\controller\\answer\\sendAnswerController.js","statementMap":{"0":{"start":{"line":1,"column":27},"end":{"line":1,"column":55}},"1":{"start":{"line":2,"column":25},"end":{"line":2,"column":57}},"2":{"start":{"line":3,"column":30},"end":{"line":3,"column":72}},"3":{"start":{"line":4,"column":32},"end":{"line":4,"column":62}},"4":{"start":{"line":6,"column":24},"end":{"line":38,"column":1}},"5":{"start":{"line":7,"column":31},"end":{"line":7,"column":39}},"6":{"start":{"line":9,"column":19},"end":{"line":9,"column":31}},"7":{"start":{"line":10,"column":23},"end":{"line":10,"column":40}},"8":{"start":{"line":11,"column":4},"end":{"line":11,"column":97}},"9":{"start":{"line":11,"column":32},"end":{"line":11,"column":97}},"10":{"start":{"line":12,"column":16},"end":{"line":12,"column":21}},"11":{"start":{"line":13,"column":4},"end":{"line":37,"column":5}},"12":{"start":{"line":14,"column":19},"end":{"line":14,"column":52}},"13":{"start":{"line":15,"column":29},"end":{"line":15,"column":63}},"14":{"start":{"line":16,"column":33},"end":{"line":16,"column":74}},"15":{"start":{"line":17,"column":22},"end":{"line":17,"column":40}},"16":{"start":{"line":19,"column":8},"end":{"line":34,"column":9}},"17":{"start":{"line":20,"column":24},"end":{"line":20,"column":29}},"18":{"start":{"line":22,"column":12},"end":{"line":24,"column":14}},"19":{"start":{"line":23,"column":16},"end":{"line":23,"column":94}},"20":{"start":{"line":23,"column":81},"end":{"line":23,"column":94}},"21":{"start":{"line":25,"column":12},"end":{"line":25,"column":115}},"22":{"start":{"line":25,"column":24},"end":{"line":25,"column":115}},"23":{"start":{"line":26,"column":12},"end":{"line":28,"column":15}},"24":{"start":{"line":27,"column":16},"end":{"line":27,"column":80}},"25":{"start":{"line":27,"column":67},"end":{"line":27,"column":80}},"26":{"start":{"line":29,"column":12},"end":{"line":29,"column":52}},"27":{"start":{"line":29,"column":25},"end":{"line":29,"column":52}},"28":{"start":{"line":31,"column":28},"end":{"line":31,"column":66}},"29":{"start":{"line":32,"column":25},"end":{"line":32,"column":54}},"30":{"start":{"line":33,"column":12},"end":{"line":33,"column":73}},"31":{"start":{"line":33,"column":23},"end":{"line":33,"column":73}},"32":{"start":{"line":36,"column":8},"end":{"line":36,"column":36}},"33":{"start":{"line":40,"column":0},"end":{"line":40,"column":33}}},"fnMap":{"0":{"name":"(anonymous_0)","decl":{"start":{"line":6,"column":24},"end":{"line":6,"column":25}},"loc":{"start":{"line":6,"column":40},"end":{"line":38,"column":1}},"line":6},"1":{"name":"(anonymous_1)","decl":{"start":{"line":22,"column":28},"end":{"line":22,"column":29}},"loc":{"start":{"line":22,"column":36},"end":{"line":24,"column":13}},"line":22},"2":{"name":"(anonymous_2)","decl":{"start":{"line":26,"column":39},"end":{"line":26,"column":40}},"loc":{"start":{"line":26,"column":50},"end":{"line":28,"column":13}},"line":26}},"branchMap":{"0":{"loc":{"start":{"line":11,"column":4},"end":{"line":11,"column":97}},"type":"if","locations":[{"start":{"line":11,"column":4},"end":{"line":11,"column":97}},{"start":{},"end":{}}],"line":11},"1":{"loc":{"start":{"line":11,"column":7},"end":{"line":11,"column":30}},"type":"binary-expr","locations":[{"start":{"line":11,"column":7},"end":{"line":11,"column":14}},{"start":{"line":11,"column":18},"end":{"line":11,"column":30}}],"line":11},"2":{"loc":{"start":{"line":19,"column":8},"end":{"line":34,"column":9}},"type":"if","locations":[{"start":{"line":19,"column":8},"end":{"line":34,"column":9}},{"start":{},"end":{}}],"line":19},"3":{"loc":{"start":{"line":19,"column":11},"end":{"line":19,"column":64}},"type":"binary-expr","locations":[{"start":{"line":19,"column":11},"end":{"line":19,"column":15}},{"start":{"line":19,"column":18},"end":{"line":19,"column":32}},{"start":{"line":19,"column":35},"end":{"line":19,"column":53}},{"start":{"line":19,"column":57},"end":{"line":19,"column":64}}],"line":19},"4":{"loc":{"start":{"line":23,"column":16},"end":{"line":23,"column":94}},"type":"if","locations":[{"start":{"line":23,"column":16},"end":{"line":23,"column":94}},{"start":{},"end":{}}],"line":23},"5":{"loc":{"start":{"line":23,"column":19},"end":{"line":23,"column":79}},"type":"binary-expr","locations":[{"start":{"line":23,"column":19},"end":{"line":23,"column":43}},{"start":{"line":23,"column":47},"end":{"line":23,"column":79}}],"line":23},"6":{"loc":{"start":{"line":25,"column":12},"end":{"line":25,"column":115}},"type":"if","locations":[{"start":{"line":25,"column":12},"end":{"line":25,"column":115}},{"start":{},"end":{}}],"line":25},"7":{"loc":{"start":{"line":27,"column":16},"end":{"line":27,"column":80}},"type":"if","locations":[{"start":{"line":27,"column":16},"end":{"line":27,"column":80}},{"start":{},"end":{}}],"line":27},"8":{"loc":{"start":{"line":29,"column":12},"end":{"line":29,"column":52}},"type":"if","locations":[{"start":{"line":29,"column":12},"end":{"line":29,"column":52}},{"start":{},"end":{}}],"line":29},"9":{"loc":{"start":{"line":33,"column":12},"end":{"line":33,"column":73}},"type":"if","locations":[{"start":{"line":33,"column":12},"end":{"line":33,"column":73}},{"start":{},"end":{}}],"line":33}},"s":{"0":1,"1":1,"2":1,"3":1,"4":1,"5":0,"6":0,"7":0,"8":0,"9":0,"10":0,"11":0,"12":0,"13":0,"14":0,"15":0,"16":0,"17":0,"18":0,"19":0,"20":0,"21":0,"22":0,"23":0,"24":0,"25":0,"26":0,"27":0,"28":0,"29":0,"30":0,"31":0,"32":0,"33":1},"f":{"0":0,"1":0,"2":0},"b":{"0":[0,0],"1":[0,0],"2":[0,0],"3":[0,0,0,0],"4":[0,0],"5":[0,0],"6":[0,0],"7":[0,0],"8":[0,0],"9":[0,0]},"_coverageSchema":"1a1c01bbd47fc00a2c39e90264f33305004495a9","hash":"ff2e324775cfc2ee40e9d1f5fcd4c773c62f6858"}
,"C:\\Users\\Berkay\\Desktop\\survey\\controller\\answer\\updateAnswerController.js": {"path":"C:\\Users\\Berkay\\Desktop\\survey\\controller\\answer\\updateAnswerController.js","statementMap":{"0":{"start":{"line":1,"column":27},"end":{"line":1,"column":55}},"1":{"start":{"line":2,"column":25},"end":{"line":2,"column":57}},"2":{"start":{"line":3,"column":32},"end":{"line":3,"column":62}},"3":{"start":{"line":5,"column":26},"end":{"line":32,"column":1}},"4":{"start":{"line":6,"column":31},"end":{"line":6,"column":39}},"5":{"start":{"line":7,"column":11},"end":{"line":7,"column":12}},"6":{"start":{"line":8,"column":19},"end":{"line":8,"column":31}},"7":{"start":{"line":9,"column":4},"end":{"line":9,"column":97}},"8":{"start":{"line":9,"column":32},"end":{"line":9,"column":97}},"9":{"start":{"line":11,"column":4},"end":{"line":31,"column":5}},"10":{"start":{"line":12,"column":19},"end":{"line":12,"column":52}},"11":{"start":{"line":13,"column":29},"end":{"line":13,"column":63}},"12":{"start":{"line":14,"column":22},"end":{"line":14,"column":40}},"13":{"start":{"line":16,"column":8},"end":{"line":28,"column":9}},"14":{"start":{"line":17,"column":24},"end":{"line":17,"column":29}},"15":{"start":{"line":19,"column":12},"end":{"line":24,"column":14}},"16":{"start":{"line":20,"column":16},"end":{"line":23,"column":21}},"17":{"start":{"line":21,"column":20},"end":{"line":21,"column":33}},"18":{"start":{"line":22,"column":20},"end":{"line":22,"column":33}},"19":{"start":{"line":25,"column":12},"end":{"line":25,"column":116}},"20":{"start":{"line":25,"column":25},"end":{"line":25,"column":116}},"21":{"start":{"line":26,"column":26},"end":{"line":26,"column":55}},"22":{"start":{"line":27,"column":12},"end":{"line":27,"column":62}},"23":{"start":{"line":27,"column":23},"end":{"line":27,"column":62}},"24":{"start":{"line":30,"column":8},"end":{"line":30,"column":36}},"25":{"start":{"line":34,"column":0},"end":{"line":34,"column":35}}},"fnMap":{"0":{"name":"(anonymous_0)","decl":{"start":{"line":5,"column":26},"end":{"line":5,"column":27}},"loc":{"start":{"line":5,"column":42},"end":{"line":32,"column":1}},"line":5},"1":{"name":"(anonymous_1)","decl":{"start":{"line":19,"column":28},"end":{"line":19,"column":29}},"loc":{"start":{"line":19,"column":36},"end":{"line":24,"column":13}},"line":19}},"branchMap":{"0":{"loc":{"start":{"line":9,"column":4},"end":{"line":9,"column":97}},"type":"if","locations":[{"start":{"line":9,"column":4},"end":{"line":9,"column":97}},{"start":{},"end":{}}],"line":9},"1":{"loc":{"start":{"line":9,"column":7},"end":{"line":9,"column":30}},"type":"binary-expr","locations":[{"start":{"line":9,"column":7},"end":{"line":9,"column":14}},{"start":{"line":9,"column":18},"end":{"line":9,"column":30}}],"line":9},"2":{"loc":{"start":{"line":16,"column":8},"end":{"line":28,"column":9}},"type":"if","locations":[{"start":{"line":16,"column":8},"end":{"line":28,"column":9}},{"start":{},"end":{}}],"line":16},"3":{"loc":{"start":{"line":16,"column":11},"end":{"line":16,"column":42}},"type":"binary-expr","locations":[{"start":{"line":16,"column":11},"end":{"line":16,"column":15}},{"start":{"line":16,"column":18},"end":{"line":16,"column":32}},{"start":{"line":16,"column":35},"end":{"line":16,"column":42}}],"line":16},"4":{"loc":{"start":{"line":20,"column":16},"end":{"line":23,"column":21}},"type":"if","locations":[{"start":{"line":20,"column":16},"end":{"line":23,"column":21}},{"start":{},"end":{}}],"line":20},"5":{"loc":{"start":{"line":20,"column":19},"end":{"line":20,"column":79}},"type":"binary-expr","locations":[{"start":{"line":20,"column":19},"end":{"line":20,"column":43}},{"start":{"line":20,"column":47},"end":{"line":20,"column":79}}],"line":20},"6":{"loc":{"start":{"line":25,"column":12},"end":{"line":25,"column":116}},"type":"if","locations":[{"start":{"line":25,"column":12},"end":{"line":25,"column":116}},{"start":{},"end":{}}],"line":25},"7":{"loc":{"start":{"line":27,"column":12},"end":{"line":27,"column":62}},"type":"if","locations":[{"start":{"line":27,"column":12},"end":{"line":27,"column":62}},{"start":{},"end":{}}],"line":27}},"s":{"0":1,"1":1,"2":1,"3":1,"4":0,"5":0,"6":0,"7":0,"8":0,"9":0,"10":0,"11":0,"12":0,"13":0,"14":0,"15":0,"16":0,"17":0,"18":0,"19":0,"20":0,"21":0,"22":0,"23":0,"24":0,"25":1},"f":{"0":0,"1":0},"b":{"0":[0,0],"1":[0,0],"2":[0,0],"3":[0,0,0],"4":[0,0],"5":[0,0],"6":[0,0],"7":[0,0]},"_coverageSchema":"1a1c01bbd47fc00a2c39e90264f33305004495a9","hash":"690cbf03ead3cfa66599c46613de8645fcc649ae"}
,"C:\\Users\\Berkay\\Desktop\\survey\\controller\\auth\\loginController.js": {"path":"C:\\Users\\Berkay\\Desktop\\survey\\controller\\auth\\loginController.js","statementMap":{"0":{"start":{"line":1,"column":13},"end":{"line":1,"column":30}},"1":{"start":{"line":2,"column":24},"end":{"line":2,"column":65}},"2":{"start":{"line":3,"column":63},"end":{"line":3,"column":91}},"3":{"start":{"line":4,"column":10},"end":{"line":4,"column":33}},"4":{"start":{"line":5,"column":19},"end":{"line":50,"column":1}},"5":{"start":{"line":7,"column":29},"end":{"line":7,"column":37}},"6":{"start":{"line":8,"column":4},"end":{"line":8,"column":109}},"7":{"start":{"line":8,"column":31},"end":{"line":8,"column":109}},"8":{"start":{"line":9,"column":4},"end":{"line":48,"column":5}},"9":{"start":{"line":10,"column":28},"end":{"line":10,"column":61}},"10":{"start":{"line":11,"column":8},"end":{"line":11,"column":53}},"11":{"start":{"line":11,"column":26},"end":{"line":11,"column":53}},"12":{"start":{"line":13,"column":25},"end":{"line":13,"column":58}},"13":{"start":{"line":16,"column":26},"end":{"line":16,"column":76}},"14":{"start":{"line":18,"column":8},"end":{"line":18,"column":52}},"15":{"start":{"line":18,"column":25},"end":{"line":18,"column":52}},"16":{"start":{"line":19,"column":8},"end":{"line":19,"column":41}},"17":{"start":{"line":20,"column":26},"end":{"line":31,"column":9}},"18":{"start":{"line":32,"column":27},"end":{"line":36,"column":9}},"19":{"start":{"line":39,"column":22},"end":{"line":39,"column":66}},"20":{"start":{"line":41,"column":21},"end":{"line":41,"column":71}},"21":{"start":{"line":43,"column":8},"end":{"line":45,"column":9}},"22":{"start":{"line":44,"column":12},"end":{"line":44,"column":36}},"23":{"start":{"line":47,"column":8},"end":{"line":47,"column":53}},"24":{"start":{"line":51,"column":0},"end":{"line":51,"column":28}}},"fnMap":{"0":{"name":"(anonymous_0)","decl":{"start":{"line":5,"column":19},"end":{"line":5,"column":20}},"loc":{"start":{"line":5,"column":35},"end":{"line":50,"column":1}},"line":5}},"branchMap":{"0":{"loc":{"start":{"line":8,"column":4},"end":{"line":8,"column":109}},"type":"if","locations":[{"start":{"line":8,"column":4},"end":{"line":8,"column":109}},{"start":{},"end":{}}],"line":8},"1":{"loc":{"start":{"line":8,"column":7},"end":{"line":8,"column":29}},"type":"binary-expr","locations":[{"start":{"line":8,"column":7},"end":{"line":8,"column":16}},{"start":{"line":8,"column":20},"end":{"line":8,"column":29}}],"line":8},"2":{"loc":{"start":{"line":11,"column":8},"end":{"line":11,"column":53}},"type":"if","locations":[{"start":{"line":11,"column":8},"end":{"line":11,"column":53}},{"start":{},"end":{}}],"line":11},"3":{"loc":{"start":{"line":18,"column":8},"end":{"line":18,"column":52}},"type":"if","locations":[{"start":{"line":18,"column":8},"end":{"line":18,"column":52}},{"start":{},"end":{}}],"line":18},"4":{"loc":{"start":{"line":43,"column":8},"end":{"line":45,"column":9}},"type":"if","locations":[{"start":{"line":43,"column":8},"end":{"line":45,"column":9}},{"start":{},"end":{}}],"line":43}},"s":{"0":1,"1":1,"2":1,"3":1,"4":1,"5":0,"6":0,"7":0,"8":0,"9":0,"10":0,"11":0,"12":0,"13":0,"14":0,"15":0,"16":0,"17":0,"18":0,"19":0,"20":0,"21":0,"22":0,"23":0,"24":1},"f":{"0":0},"b":{"0":[0,0],"1":[0,0],"2":[0,0],"3":[0,0],"4":[0,0]},"_coverageSchema":"1a1c01bbd47fc00a2c39e90264f33305004495a9","hash":"e3ae9b12f760129f8e62f8d4881163f274392066"}
,"C:\\Users\\Berkay\\Desktop\\survey\\controller\\auth\\logoutController.js": {"path":"C:\\Users\\Berkay\\Desktop\\survey\\controller\\auth\\logoutController.js","statementMap":{"0":{"start":{"line":1,"column":52},"end":{"line":1,"column":80}},"1":{"start":{"line":3,"column":20},"end":{"line":18,"column":1}},"2":{"start":{"line":4,"column":4},"end":{"line":16,"column":5}},"3":{"start":{"line":5,"column":23},"end":{"line":5,"column":60}},"4":{"start":{"line":6,"column":22},"end":{"line":6,"column":52}},"5":{"start":{"line":7,"column":22},"end":{"line":7,"column":55}},"6":{"start":{"line":8,"column":8},"end":{"line":13,"column":9}},"7":{"start":{"line":9,"column":25},"end":{"line":9,"column":50}},"8":{"start":{"line":10,"column":12},"end":{"line":12,"column":13}},"9":{"start":{"line":11,"column":16},"end":{"line":11,"column":55}},"10":{"start":{"line":20,"column":0},"end":{"line":20,"column":29}}},"fnMap":{"0":{"name":"(anonymous_0)","decl":{"start":{"line":3,"column":20},"end":{"line":3,"column":21}},"loc":{"start":{"line":3,"column":36},"end":{"line":18,"column":1}},"line":3}},"branchMap":{"0":{"loc":{"start":{"line":8,"column":8},"end":{"line":13,"column":9}},"type":"if","locations":[{"start":{"line":8,"column":8},"end":{"line":13,"column":9}},{"start":{},"end":{}}],"line":8},"1":{"loc":{"start":{"line":10,"column":12},"end":{"line":12,"column":13}},"type":"if","locations":[{"start":{"line":10,"column":12},"end":{"line":12,"column":13}},{"start":{},"end":{}}],"line":10}},"s":{"0":1,"1":1,"2":0,"3":0,"4":0,"5":0,"6":0,"7":0,"8":0,"9":0,"10":1},"f":{"0":0},"b":{"0":[0,0],"1":[0,0]},"_coverageSchema":"1a1c01bbd47fc00a2c39e90264f33305004495a9","hash":"d89994bc5441df98de80a2da16b43499727e7e45"}
,"C:\\Users\\Berkay\\Desktop\\survey\\controller\\auth\\refreshTokenController.js": {"path":"C:\\Users\\Berkay\\Desktop\\survey\\controller\\auth\\refreshTokenController.js","statementMap":{"0":{"start":{"line":1,"column":10},"end":{"line":1,"column":33}},"1":{"start":{"line":2,"column":26},"end":{"line":2,"column":54}},"2":{"start":{"line":4,"column":21},"end":{"line":30,"column":1}},"3":{"start":{"line":5,"column":19},"end":{"line":5,"column":36}},"4":{"start":{"line":6,"column":20},"end":{"line":6,"column":53}},"5":{"start":{"line":7,"column":4},"end":{"line":7,"column":46}},"6":{"start":{"line":7,"column":19},"end":{"line":7,"column":46}},"7":{"start":{"line":8,"column":24},"end":{"line":8,"column":47}},"8":{"start":{"line":9,"column":4},"end":{"line":9,"column":50}},"9":{"start":{"line":9,"column":23},"end":{"line":9,"column":50}},"10":{"start":{"line":10,"column":4},"end":{"line":29,"column":9}},"11":{"start":{"line":14,"column":12},"end":{"line":14,"column":78}},"12":{"start":{"line":14,"column":51},"end":{"line":14,"column":78}},"13":{"start":{"line":15,"column":30},"end":{"line":26,"column":13}},"14":{"start":{"line":27,"column":12},"end":{"line":27,"column":36}},"15":{"start":{"line":32,"column":0},"end":{"line":32,"column":30}}},"fnMap":{"0":{"name":"(anonymous_0)","decl":{"start":{"line":4,"column":21},"end":{"line":4,"column":22}},"loc":{"start":{"line":4,"column":37},"end":{"line":30,"column":1}},"line":4},"1":{"name":"(anonymous_1)","decl":{"start":{"line":13,"column":8},"end":{"line":13,"column":9}},"loc":{"start":{"line":13,"column":22},"end":{"line":28,"column":9}},"line":13}},"branchMap":{"0":{"loc":{"start":{"line":7,"column":4},"end":{"line":7,"column":46}},"type":"if","locations":[{"start":{"line":7,"column":4},"end":{"line":7,"column":46}},{"start":{},"end":{}}],"line":7},"1":{"loc":{"start":{"line":9,"column":4},"end":{"line":9,"column":50}},"type":"if","locations":[{"start":{"line":9,"column":4},"end":{"line":9,"column":50}},{"start":{},"end":{}}],"line":9},"2":{"loc":{"start":{"line":14,"column":12},"end":{"line":14,"column":78}},"type":"if","locations":[{"start":{"line":14,"column":12},"end":{"line":14,"column":78}},{"start":{},"end":{}}],"line":14},"3":{"loc":{"start":{"line":14,"column":15},"end":{"line":14,"column":49}},"type":"binary-expr","locations":[{"start":{"line":14,"column":15},"end":{"line":14,"column":18}},{"start":{"line":14,"column":22},"end":{"line":14,"column":48}}],"line":14}},"s":{"0":1,"1":1,"2":1,"3":0,"4":0,"5":0,"6":0,"7":0,"8":0,"9":0,"10":0,"11":0,"12":0,"13":0,"14":0,"15":1},"f":{"0":0,"1":0},"b":{"0":[0,0],"1":[0,0],"2":[0,0],"3":[0,0]},"_coverageSchema":"1a1c01bbd47fc00a2c39e90264f33305004495a9","hash":"8936f4d1d7ee2aa17c7b830878070a6e12f940d5"}
,"C:\\Users\\Berkay\\Desktop\\survey\\controller\\auth\\registerController.js": {"path":"C:\\Users\\Berkay\\Desktop\\survey\\controller\\auth\\registerController.js","statementMap":{"0":{"start":{"line":1,"column":13},"end":{"line":1,"column":30}},"1":{"start":{"line":2,"column":24},"end":{"line":2,"column":65}},"2":{"start":{"line":3,"column":24},"end":{"line":3,"column":65}},"3":{"start":{"line":4,"column":28},"end":{"line":4,"column":73}},"4":{"start":{"line":5,"column":19},"end":{"line":5,"column":47}},"5":{"start":{"line":6,"column":15},"end":{"line":6,"column":48}},"6":{"start":{"line":7,"column":22},"end":{"line":39,"column":1}},"7":{"start":{"line":8,"column":49},"end":{"line":8,"column":57}},"8":{"start":{"line":9,"column":4},"end":{"line":12,"column":5}},"9":{"start":{"line":10,"column":8},"end":{"line":10,"column":79}},"10":{"start":{"line":11,"column":8},"end":{"line":11,"column":14}},"11":{"start":{"line":13,"column":4},"end":{"line":38,"column":5}},"12":{"start":{"line":14,"column":30},"end":{"line":14,"column":63}},"13":{"start":{"line":15,"column":8},"end":{"line":15,"column":99}},"14":{"start":{"line":15,"column":29},"end":{"line":15,"column":99}},"15":{"start":{"line":18,"column":27},"end":{"line":18,"column":54}},"16":{"start":{"line":19,"column":8},"end":{"line":19,"column":91}},"17":{"start":{"line":19,"column":26},"end":{"line":19,"column":91}},"18":{"start":{"line":21,"column":34},"end":{"line":21,"column":76}},"19":{"start":{"line":22,"column":8},"end":{"line":22,"column":103}},"20":{"start":{"line":22,"column":33},"end":{"line":22,"column":103}},"21":{"start":{"line":25,"column":30},"end":{"line":25,"column":60}},"22":{"start":{"line":26,"column":19},"end":{"line":32,"column":9}},"23":{"start":{"line":33,"column":21},"end":{"line":33,"column":43}},"24":{"start":{"line":34,"column":8},"end":{"line":34,"column":48}},"25":{"start":{"line":34,"column":19},"end":{"line":34,"column":48}},"26":{"start":{"line":37,"column":8},"end":{"line":37,"column":53}},"27":{"start":{"line":40,"column":0},"end":{"line":40,"column":31}}},"fnMap":{"0":{"name":"(anonymous_0)","decl":{"start":{"line":7,"column":22},"end":{"line":7,"column":23}},"loc":{"start":{"line":7,"column":38},"end":{"line":39,"column":1}},"line":7}},"branchMap":{"0":{"loc":{"start":{"line":9,"column":4},"end":{"line":12,"column":5}},"type":"if","locations":[{"start":{"line":9,"column":4},"end":{"line":12,"column":5}},{"start":{},"end":{}}],"line":9},"1":{"loc":{"start":{"line":9,"column":7},"end":{"line":9,"column":56}},"type":"binary-expr","locations":[{"start":{"line":9,"column":7},"end":{"line":9,"column":16}},{"start":{"line":9,"column":20},"end":{"line":9,"column":29}},{"start":{"line":9,"column":33},"end":{"line":9,"column":38}},{"start":{"line":9,"column":42},"end":{"line":9,"column":56}}],"line":9},"2":{"loc":{"start":{"line":15,"column":8},"end":{"line":15,"column":99}},"type":"if","locations":[{"start":{"line":15,"column":8},"end":{"line":15,"column":99}},{"start":{},"end":{}}],"line":15},"3":{"loc":{"start":{"line":19,"column":8},"end":{"line":19,"column":91}},"type":"if","locations":[{"start":{"line":19,"column":8},"end":{"line":19,"column":91}},{"start":{},"end":{}}],"line":19},"4":{"loc":{"start":{"line":22,"column":8},"end":{"line":22,"column":103}},"type":"if","locations":[{"start":{"line":22,"column":8},"end":{"line":22,"column":103}},{"start":{},"end":{}}],"line":22},"5":{"loc":{"start":{"line":34,"column":8},"end":{"line":34,"column":48}},"type":"if","locations":[{"start":{"line":34,"column":8},"end":{"line":34,"column":48}},{"start":{},"end":{}}],"line":34}},"s":{"0":1,"1":1,"2":1,"3":1,"4":1,"5":1,"6":1,"7":15,"8":15,"9":15,"10":15,"11":0,"12":0,"13":0,"14":0,"15":0,"16":0,"17":0,"18":0,"19":0,"20":0,"21":0,"22":0,"23":0,"24":0,"25":0,"26":0,"27":1},"f":{"0":15},"b":{"0":[15,0],"1":[15,7,3,1],"2":[0,0],"3":[0,0],"4":[0,0],"5":[0,0]},"_coverageSchema":"1a1c01bbd47fc00a2c39e90264f33305004495a9","hash":"8e79457f861bb7eab29cba367d20d593df2dbe89"}
,"C:\\Users\\Berkay\\Desktop\\survey\\controller\\question\\createQuestionController.js": {"path":"C:\\Users\\Berkay\\Desktop\\survey\\controller\\question\\createQuestionController.js","statementMap":{"0":{"start":{"line":1,"column":23},"end":{"line":1,"column":55}},"1":{"start":{"line":2,"column":34},"end":{"line":2,"column":64}},"2":{"start":{"line":4,"column":28},"end":{"line":20,"column":1}},"3":{"start":{"line":5,"column":47},"end":{"line":5,"column":55}},"4":{"start":{"line":6,"column":4},"end":{"line":6,"column":119}},"5":{"start":{"line":6,"column":56},"end":{"line":6,"column":119}},"6":{"start":{"line":7,"column":19},"end":{"line":7,"column":83}},"7":{"start":{"line":9,"column":4},"end":{"line":19,"column":5}},"8":{"start":{"line":10,"column":21},"end":{"line":10,"column":51}},"9":{"start":{"line":11,"column":25},"end":{"line":11,"column":40}},"10":{"start":{"line":12,"column":8},"end":{"line":15,"column":9}},"11":{"start":{"line":13,"column":25},"end":{"line":13,"column":76}},"12":{"start":{"line":14,"column":12},"end":{"line":14,"column":81}},"13":{"start":{"line":14,"column":23},"end":{"line":14,"column":81}},"14":{"start":{"line":18,"column":8},"end":{"line":18,"column":55}},"15":{"start":{"line":22,"column":0},"end":{"line":22,"column":37}}},"fnMap":{"0":{"name":"(anonymous_0)","decl":{"start":{"line":4,"column":28},"end":{"line":4,"column":29}},"loc":{"start":{"line":4,"column":44},"end":{"line":20,"column":1}},"line":4}},"branchMap":{"0":{"loc":{"start":{"line":6,"column":4},"end":{"line":6,"column":119}},"type":"if","locations":[{"start":{"line":6,"column":4},"end":{"line":6,"column":119}},{"start":{},"end":{}}],"line":6},"1":{"loc":{"start":{"line":6,"column":7},"end":{"line":6,"column":54}},"type":"binary-expr","locations":[{"start":{"line":6,"column":7},"end":{"line":6,"column":13}},{"start":{"line":6,"column":17},"end":{"line":6,"column":26}},{"start":{"line":6,"column":30},"end":{"line":6,"column":42}},{"start":{"line":6,"column":46},"end":{"line":6,"column":54}}],"line":6},"2":{"loc":{"start":{"line":12,"column":8},"end":{"line":15,"column":9}},"type":"if","locations":[{"start":{"line":12,"column":8},"end":{"line":15,"column":9}},{"start":{},"end":{}}],"line":12},"3":{"loc":{"start":{"line":14,"column":12},"end":{"line":14,"column":81}},"type":"if","locations":[{"start":{"line":14,"column":12},"end":{"line":14,"column":81}},{"start":{},"end":{}}],"line":14}},"s":{"0":1,"1":1,"2":1,"3":0,"4":0,"5":0,"6":0,"7":0,"8":0,"9":0,"10":0,"11":0,"12":0,"13":0,"14":0,"15":1},"f":{"0":0},"b":{"0":[0,0],"1":[0,0,0,0],"2":[0,0],"3":[0,0]},"_coverageSchema":"1a1c01bbd47fc00a2c39e90264f33305004495a9","hash":"cb89b73b73151c909e55a27d556ebfa7a2b99aa9"}
,"C:\\Users\\Berkay\\Desktop\\survey\\controller\\question\\getQuestionBySurveyIdController.js": {"path":"C:\\Users\\Berkay\\Desktop\\survey\\controller\\question\\getQuestionBySurveyIdController.js","statementMap":{"0":{"start":{"line":1,"column":29},"end":{"line":1,"column":61}},"1":{"start":{"line":2,"column":31},"end":{"line":2,"column":73}},"2":{"start":{"line":3,"column":31},"end":{"line":3,"column":61}},"3":{"start":{"line":5,"column":28},"end":{"line":49,"column":1}},"4":{"start":{"line":6,"column":19},"end":{"line":6,"column":32}},"5":{"start":{"line":7,"column":23},"end":{"line":7,"column":40}},"6":{"start":{"line":9,"column":4},"end":{"line":48,"column":5}},"7":{"start":{"line":10,"column":20},"end":{"line":10,"column":25}},"8":{"start":{"line":11,"column":33},"end":{"line":11,"column":74}},"9":{"start":{"line":12,"column":8},"end":{"line":15,"column":11}},"10":{"start":{"line":14,"column":12},"end":{"line":14,"column":57}},"11":{"start":{"line":14,"column":44},"end":{"line":14,"column":57}},"12":{"start":{"line":17,"column":8},"end":{"line":17,"column":48}},"13":{"start":{"line":17,"column":21},"end":{"line":17,"column":48}},"14":{"start":{"line":19,"column":24},"end":{"line":19,"column":59}},"15":{"start":{"line":20,"column":8},"end":{"line":44,"column":9}},"16":{"start":{"line":21,"column":34},"end":{"line":21,"column":36}},"17":{"start":{"line":22,"column":12},"end":{"line":24,"column":14}},"18":{"start":{"line":23,"column":16},"end":{"line":23,"column":50}},"19":{"start":{"line":25,"column":39},"end":{"line":25,"column":80}},"20":{"start":{"line":25,"column":59},"end":{"line":25,"column":78}},"21":{"start":{"line":27,"column":26},"end":{"line":27,"column":71}},"22":{"start":{"line":28,"column":12},"end":{"line":42,"column":13}},"23":{"start":{"line":29,"column":16},"end":{"line":39,"column":18}},"24":{"start":{"line":31,"column":20},"end":{"line":38,"column":22}},"25":{"start":{"line":33,"column":24},"end":{"line":37,"column":25}},"26":{"start":{"line":36,"column":28},"end":{"line":36,"column":58}},"27":{"start":{"line":41,"column":16},"end":{"line":41,"column":54}},"28":{"start":{"line":47,"column":8},"end":{"line":47,"column":43}},"29":{"start":{"line":51,"column":0},"end":{"line":51,"column":37}}},"fnMap":{"0":{"name":"(anonymous_0)","decl":{"start":{"line":5,"column":28},"end":{"line":5,"column":29}},"loc":{"start":{"line":5,"column":44},"end":{"line":49,"column":1}},"line":5},"1":{"name":"(anonymous_1)","decl":{"start":{"line":12,"column":35},"end":{"line":12,"column":36}},"loc":{"start":{"line":12,"column":46},"end":{"line":15,"column":9}},"line":12},"2":{"name":"(anonymous_2)","decl":{"start":{"line":22,"column":30},"end":{"line":22,"column":31}},"loc":{"start":{"line":22,"column":40},"end":{"line":24,"column":13}},"line":22},"3":{"name":"(anonymous_3)","decl":{"start":{"line":25,"column":53},"end":{"line":25,"column":54}},"loc":{"start":{"line":25,"column":59},"end":{"line":25,"column":78}},"line":25},"4":{"name":"(anonymous_4)","decl":{"start":{"line":29,"column":32},"end":{"line":29,"column":33}},"loc":{"start":{"line":29,"column":40},"end":{"line":39,"column":17}},"line":29},"5":{"name":"(anonymous_5)","decl":{"start":{"line":31,"column":49},"end":{"line":31,"column":50}},"loc":{"start":{"line":31,"column":59},"end":{"line":38,"column":21}},"line":31}},"branchMap":{"0":{"loc":{"start":{"line":14,"column":12},"end":{"line":14,"column":57}},"type":"if","locations":[{"start":{"line":14,"column":12},"end":{"line":14,"column":57}},{"start":{},"end":{}}],"line":14},"1":{"loc":{"start":{"line":17,"column":8},"end":{"line":17,"column":48}},"type":"if","locations":[{"start":{"line":17,"column":8},"end":{"line":17,"column":48}},{"start":{},"end":{}}],"line":17},"2":{"loc":{"start":{"line":20,"column":8},"end":{"line":44,"column":9}},"type":"if","locations":[{"start":{"line":20,"column":8},"end":{"line":44,"column":9}},{"start":{},"end":{}}],"line":20},"3":{"loc":{"start":{"line":28,"column":12},"end":{"line":42,"column":13}},"type":"if","locations":[{"start":{"line":28,"column":12},"end":{"line":42,"column":13}},{"start":{},"end":{}}],"line":28},"4":{"loc":{"start":{"line":33,"column":24},"end":{"line":37,"column":25}},"type":"if","locations":[{"start":{"line":33,"column":24},"end":{"line":37,"column":25}},{"start":{},"end":{}}],"line":33}},"s":{"0":1,"1":1,"2":1,"3":1,"4":0,"5":0,"6":0,"7":0,"8":0,"9":0,"10":0,"11":0,"12":0,"13":0,"14":0,"15":0,"16":0,"17":0,"18":0,"19":0,"20":0,"21":0,"22":0,"23":0,"24":0,"25":0,"26":0,"27":0,"28":0,"29":1},"f":{"0":0,"1":0,"2":0,"3":0,"4":0,"5":0},"b":{"0":[0,0],"1":[0,0],"2":[0,0],"3":[0,0],"4":[0,0]},"_coverageSchema":"1a1c01bbd47fc00a2c39e90264f33305004495a9","hash":"91247b9576bccd5cab358c5b5d354050ba09c930"}
,"C:\\Users\\Berkay\\Desktop\\survey\\controller\\roles\\getRolesController.js": {"path":"C:\\Users\\Berkay\\Desktop\\survey\\controller\\roles\\getRolesController.js","statementMap":{"0":{"start":{"line":1,"column":22},"end":{"line":1,"column":50}},"1":{"start":{"line":3,"column":15},"end":{"line":10,"column":1}},"2":{"start":{"line":4,"column":4},"end":{"line":9,"column":5}},"3":{"start":{"line":5,"column":20},"end":{"line":5,"column":40}},"4":{"start":{"line":6,"column":8},"end":{"line":6,"column":24}},"5":{"start":{"line":8,"column":8},"end":{"line":8,"column":53}},"6":{"start":{"line":12,"column":0},"end":{"line":12,"column":26}}},"fnMap":{"0":{"name":"(anonymous_0)","decl":{"start":{"line":3,"column":15},"end":{"line":3,"column":16}},"loc":{"start":{"line":3,"column":31},"end":{"line":10,"column":1}},"line":3}},"branchMap":{},"s":{"0":1,"1":1,"2":0,"3":0,"4":0,"5":0,"6":1},"f":{"0":0},"b":{},"_coverageSchema":"1a1c01bbd47fc00a2c39e90264f33305004495a9","hash":"212920c32dc0395b6600d5700aca2ed08cdbf059"}
,"C:\\Users\\Berkay\\Desktop\\survey\\controller\\survey\\createSurveyController.js": {"path":"C:\\Users\\Berkay\\Desktop\\survey\\controller\\survey\\createSurveyController.js","statementMap":{"0":{"start":{"line":1,"column":27},"end":{"line":1,"column":70}},"1":{"start":{"line":2,"column":21},"end":{"line":2,"column":51}},"2":{"start":{"line":3,"column":30},"end":{"line":3,"column":70}},"3":{"start":{"line":4,"column":32},"end":{"line":4,"column":74}},"4":{"start":{"line":5,"column":27},"end":{"line":5,"column":75}},"5":{"start":{"line":6,"column":26},"end":{"line":30,"column":1}},"6":{"start":{"line":7,"column":64},"end":{"line":7,"column":72}},"7":{"start":{"line":8,"column":4},"end":{"line":10,"column":5}},"8":{"start":{"line":9,"column":8},"end":{"line":9,"column":71}},"9":{"start":{"line":11,"column":4},"end":{"line":13,"column":5}},"10":{"start":{"line":12,"column":8},"end":{"line":12,"column":102}},"11":{"start":{"line":14,"column":4},"end":{"line":29,"column":5}},"12":{"start":{"line":16,"column":8},"end":{"line":16,"column":130}},"13":{"start":{"line":16,"column":58},"end":{"line":16,"column":130}},"14":{"start":{"line":18,"column":21},"end":{"line":18,"column":59}},"15":{"start":{"line":19,"column":21},"end":{"line":19,"column":47}},"16":{"start":{"line":20,"column":24},"end":{"line":20,"column":39}},"17":{"start":{"line":22,"column":43},"end":{"line":22,"column":86}},"18":{"start":{"line":24,"column":8},"end":{"line":24,"column":69}},"19":{"start":{"line":26,"column":8},"end":{"line":26,"column":59}},"20":{"start":{"line":28,"column":8},"end":{"line":28,"column":53}},"21":{"start":{"line":32,"column":0},"end":{"line":32,"column":35}}},"fnMap":{"0":{"name":"(anonymous_0)","decl":{"start":{"line":6,"column":26},"end":{"line":6,"column":27}},"loc":{"start":{"line":6,"column":42},"end":{"line":30,"column":1}},"line":6}},"branchMap":{"0":{"loc":{"start":{"line":8,"column":4},"end":{"line":10,"column":5}},"type":"if","locations":[{"start":{"line":8,"column":4},"end":{"line":10,"column":5}},{"start":{},"end":{}}],"line":8},"1":{"loc":{"start":{"line":8,"column":7},"end":{"line":8,"column":75}},"type":"binary-expr","locations":[{"start":{"line":8,"column":7},"end":{"line":8,"column":12}},{"start":{"line":8,"column":16},"end":{"line":8,"column":25}},{"start":{"line":8,"column":29},"end":{"line":8,"column":40}},{"start":{"line":8,"column":44},"end":{"line":8,"column":56}},{"start":{"line":8,"column":60},"end":{"line":8,"column":75}}],"line":8},"2":{"loc":{"start":{"line":11,"column":4},"end":{"line":13,"column":5}},"type":"if","locations":[{"start":{"line":11,"column":4},"end":{"line":13,"column":5}},{"start":{},"end":{}}],"line":11},"3":{"loc":{"start":{"line":11,"column":9},"end":{"line":11,"column":75}},"type":"binary-expr","locations":[{"start":{"line":11,"column":9},"end":{"line":11,"column":39}},{"start":{"line":11,"column":43},"end":{"line":11,"column":75}}],"line":11},"4":{"loc":{"start":{"line":16,"column":8},"end":{"line":16,"column":130}},"type":"if","locations":[{"start":{"line":16,"column":8},"end":{"line":16,"column":130}},{"start":{},"end":{}}],"line":16}},"s":{"0":1,"1":1,"2":1,"3":1,"4":1,"5":1,"6":0,"7":0,"8":0,"9":0,"10":0,"11":0,"12":0,"13":0,"14":0,"15":0,"16":0,"17":0,"18":0,"19":0,"20":0,"21":1},"f":{"0":0},"b":{"0":[0,0],"1":[0,0,0,0,0],"2":[0,0],"3":[0,0],"4":[0,0]},"_coverageSchema":"1a1c01bbd47fc00a2c39e90264f33305004495a9","hash":"9ccaee8e658198fbee6208cb11fb8fbd3c367383"}
,"C:\\Users\\Berkay\\Desktop\\survey\\controller\\survey\\getSurveysByDepartmentIdController.js": {"path":"C:\\Users\\Berkay\\Desktop\\survey\\controller\\survey\\getSurveysByDepartmentIdController.js","statementMap":{"0":{"start":{"line":1,"column":33},"end":{"line":1,"column":63}},"1":{"start":{"line":3,"column":31},"end":{"line":12,"column":1}},"2":{"start":{"line":4,"column":24},"end":{"line":4,"column":41}},"3":{"start":{"line":5,"column":4},"end":{"line":5,"column":83}},"4":{"start":{"line":5,"column":23},"end":{"line":5,"column":83}},"5":{"start":{"line":6,"column":4},"end":{"line":11,"column":5}},"6":{"start":{"line":7,"column":21},"end":{"line":7,"column":65}},"7":{"start":{"line":8,"column":8},"end":{"line":8,"column":36}},"8":{"start":{"line":8,"column":19},"end":{"line":8,"column":36}},"9":{"start":{"line":10,"column":8},"end":{"line":10,"column":48}},"10":{"start":{"line":14,"column":0},"end":{"line":14,"column":40}}},"fnMap":{"0":{"name":"(anonymous_0)","decl":{"start":{"line":3,"column":31},"end":{"line":3,"column":32}},"loc":{"start":{"line":3,"column":47},"end":{"line":12,"column":1}},"line":3}},"branchMap":{"0":{"loc":{"start":{"line":5,"column":4},"end":{"line":5,"column":83}},"type":"if","locations":[{"start":{"line":5,"column":4},"end":{"line":5,"column":83}},{"start":{},"end":{}}],"line":5},"1":{"loc":{"start":{"line":8,"column":8},"end":{"line":8,"column":36}},"type":"if","locations":[{"start":{"line":8,"column":8},"end":{"line":8,"column":36}},{"start":{},"end":{}}],"line":8}},"s":{"0":1,"1":1,"2":0,"3":0,"4":0,"5":0,"6":0,"7":0,"8":0,"9":0,"10":1},"f":{"0":0},"b":{"0":[0,0],"1":[0,0]},"_coverageSchema":"1a1c01bbd47fc00a2c39e90264f33305004495a9","hash":"8d36ce0c0feabad2486bc4b4a42ac5395dd8f277"}
,"C:\\Users\\Berkay\\Desktop\\survey\\controller\\survey\\updateSurveyController.js": {"path":"C:\\Users\\Berkay\\Desktop\\survey\\controller\\survey\\updateSurveyController.js","statementMap":{"0":{"start":{"line":1,"column":35},"end":{"line":1,"column":65}},"1":{"start":{"line":2,"column":44},"end":{"line":2,"column":86}},"2":{"start":{"line":3,"column":27},"end":{"line":3,"column":75}},"3":{"start":{"line":4,"column":32},"end":{"line":4,"column":74}},"4":{"start":{"line":6,"column":23},"end":{"line":35,"column":1}},"5":{"start":{"line":7,"column":13},"end":{"line":7,"column":26}},"6":{"start":{"line":8,"column":64},"end":{"line":8,"column":72}},"7":{"start":{"line":9,"column":4},"end":{"line":34,"column":5}},"8":{"start":{"line":10,"column":21},"end":{"line":10,"column":44}},"9":{"start":{"line":11,"column":8},"end":{"line":11,"column":89}},"10":{"start":{"line":11,"column":24},"end":{"line":11,"column":89}},"11":{"start":{"line":12,"column":8},"end":{"line":14,"column":9}},"12":{"start":{"line":13,"column":12},"end":{"line":13,"column":75}},"13":{"start":{"line":15,"column":8},"end":{"line":17,"column":9}},"14":{"start":{"line":16,"column":12},"end":{"line":16,"column":106}},"15":{"start":{"line":19,"column":8},"end":{"line":19,"column":130}},"16":{"start":{"line":19,"column":58},"end":{"line":19,"column":130}},"17":{"start":{"line":21,"column":21},"end":{"line":21,"column":62}},"18":{"start":{"line":23,"column":17},"end":{"line":23,"column":43}},"19":{"start":{"line":24,"column":8},"end":{"line":31,"column":9}},"20":{"start":{"line":25,"column":25},"end":{"line":25,"column":76}},"21":{"start":{"line":26,"column":12},"end":{"line":30,"column":13}},"22":{"start":{"line":27,"column":32},"end":{"line":27,"column":75}},"23":{"start":{"line":28,"column":29},"end":{"line":28,"column":70}},"24":{"start":{"line":29,"column":16},"end":{"line":29,"column":78}},"25":{"start":{"line":29,"column":27},"end":{"line":29,"column":78}},"26":{"start":{"line":33,"column":8},"end":{"line":33,"column":48}},"27":{"start":{"line":36,"column":0},"end":{"line":36,"column":32}}},"fnMap":{"0":{"name":"(anonymous_0)","decl":{"start":{"line":6,"column":23},"end":{"line":6,"column":24}},"loc":{"start":{"line":6,"column":39},"end":{"line":35,"column":1}},"line":6}},"branchMap":{"0":{"loc":{"start":{"line":11,"column":8},"end":{"line":11,"column":89}},"type":"if","locations":[{"start":{"line":11,"column":8},"end":{"line":11,"column":89}},{"start":{},"end":{}}],"line":11},"1":{"loc":{"start":{"line":12,"column":8},"end":{"line":14,"column":9}},"type":"if","locations":[{"start":{"line":12,"column":8},"end":{"line":14,"column":9}},{"start":{},"end":{}}],"line":12},"2":{"loc":{"start":{"line":12,"column":11},"end":{"line":12,"column":79}},"type":"binary-expr","locations":[{"start":{"line":12,"column":11},"end":{"line":12,"column":16}},{"start":{"line":12,"column":20},"end":{"line":12,"column":29}},{"start":{"line":12,"column":33},"end":{"line":12,"column":44}},{"start":{"line":12,"column":48},"end":{"line":12,"column":60}},{"start":{"line":12,"column":64},"end":{"line":12,"column":79}}],"line":12},"3":{"loc":{"start":{"line":15,"column":8},"end":{"line":17,"column":9}},"type":"if","locations":[{"start":{"line":15,"column":8},"end":{"line":17,"column":9}},{"start":{},"end":{}}],"line":15},"4":{"loc":{"start":{"line":15,"column":13},"end":{"line":15,"column":79}},"type":"binary-expr","locations":[{"start":{"line":15,"column":13},"end":{"line":15,"column":43}},{"start":{"line":15,"column":47},"end":{"line":15,"column":79}}],"line":15},"5":{"loc":{"start":{"line":19,"column":8},"end":{"line":19,"column":130}},"type":"if","locations":[{"start":{"line":19,"column":8},"end":{"line":19,"column":130}},{"start":{},"end":{}}],"line":19},"6":{"loc":{"start":{"line":24,"column":8},"end":{"line":31,"column":9}},"type":"if","locations":[{"start":{"line":24,"column":8},"end":{"line":31,"column":9}},{"start":{},"end":{}}],"line":24},"7":{"loc":{"start":{"line":26,"column":12},"end":{"line":30,"column":13}},"type":"if","locations":[{"start":{"line":26,"column":12},"end":{"line":30,"column":13}},{"start":{},"end":{}}],"line":26},"8":{"loc":{"start":{"line":29,"column":16},"end":{"line":29,"column":78}},"type":"if","locations":[{"start":{"line":29,"column":16},"end":{"line":29,"column":78}},{"start":{},"end":{}}],"line":29}},"s":{"0":1,"1":1,"2":1,"3":1,"4":1,"5":0,"6":0,"7":0,"8":0,"9":0,"10":0,"11":0,"12":0,"13":0,"14":0,"15":0,"16":0,"17":0,"18":0,"19":0,"20":0,"21":0,"22":0,"23":0,"24":0,"25":0,"26":0,"27":1},"f":{"0":0},"b":{"0":[0,0],"1":[0,0],"2":[0,0,0,0,0],"3":[0,0],"4":[0,0],"5":[0,0],"6":[0,0],"7":[0,0],"8":[0,0]},"_coverageSchema":"1a1c01bbd47fc00a2c39e90264f33305004495a9","hash":"d1531aef3aca7cb17bfeea213fd0a0f0200b0a7c"}
,"C:\\Users\\Berkay\\Desktop\\survey\\helper\\dateFormatValidator.js": {"path":"C:\\Users\\Berkay\\Desktop\\survey\\helper\\dateFormatValidator.js","statementMap":{"0":{"start":{"line":6,"column":27},"end":{"line":9,"column":1}},"1":{"start":{"line":7,"column":21},"end":{"line":7,"column":76}},"2":{"start":{"line":8,"column":4},"end":{"line":8,"column":33}},"3":{"start":{"line":10,"column":0},"end":{"line":10,"column":36}}},"fnMap":{"0":{"name":"(anonymous_0)","decl":{"start":{"line":6,"column":27},"end":{"line":6,"column":28}},"loc":{"start":{"line":6,"column":35},"end":{"line":9,"column":1}},"line":6}},"branchMap":{},"s":{"0":2,"1":2,"2":2,"3":2},"f":{"0":2},"b":{},"_coverageSchema":"1a1c01bbd47fc00a2c39e90264f33305004495a9","hash":"fed86d2997504d8193ee8a70d105e7c35441d304"}
,"C:\\Users\\Berkay\\Desktop\\survey\\helper\\departmentIdValidator.js": {"path":"C:\\Users\\Berkay\\Desktop\\survey\\helper\\departmentIdValidator.js","statementMap":{"0":{"start":{"line":1,"column":27},"end":{"line":1,"column":58}},"1":{"start":{"line":9,"column":22},"end":{"line":9,"column":48}},"2":{"start":{"line":10,"column":15},"end":{"line":10,"column":31}},"3":{"start":{"line":11,"column":17},"end":{"line":11,"column":67}},"4":{"start":{"line":11,"column":32},"end":{"line":11,"column":66}},"5":{"start":{"line":12,"column":4},"end":{"line":14,"column":5}},"6":{"start":{"line":13,"column":8},"end":{"line":13,"column":20}},"7":{"start":{"line":15,"column":4},"end":{"line":15,"column":17}},"8":{"start":{"line":18,"column":0},"end":{"line":18,"column":37}}},"fnMap":{"0":{"name":"departmentIdValidator","decl":{"start":{"line":8,"column":15},"end":{"line":8,"column":36}},"loc":{"start":{"line":8,"column":51},"end":{"line":16,"column":1}},"line":8},"1":{"name":"(anonymous_1)","decl":{"start":{"line":11,"column":27},"end":{"line":11,"column":28}},"loc":{"start":{"line":11,"column":32},"end":{"line":11,"column":66}},"line":11}},"branchMap":{"0":{"loc":{"start":{"line":12,"column":4},"end":{"line":14,"column":5}},"type":"if","locations":[{"start":{"line":12,"column":4},"end":{"line":14,"column":5}},{"start":{},"end":{}}],"line":12}},"s":{"0":1,"1":0,"2":0,"3":0,"4":0,"5":0,"6":0,"7":0,"8":1},"f":{"0":0,"1":0},"b":{"0":[0,0]},"_coverageSchema":"1a1c01bbd47fc00a2c39e90264f33305004495a9","hash":"ea049555ac8a47e6f6603e8abc1d79ebf96a346a"}
,"C:\\Users\\Berkay\\Desktop\\survey\\helper\\departmentsSurveysHelper.js": {"path":"C:\\Users\\Berkay\\Desktop\\survey\\helper\\departmentsSurveysHelper.js","statementMap":{"0":{"start":{"line":7,"column":24},"end":{"line":16,"column":1}},"1":{"start":{"line":9,"column":39},"end":{"line":9,"column":104}},"2":{"start":{"line":11,"column":4},"end":{"line":13,"column":7}},"3":{"start":{"line":12,"column":8},"end":{"line":12,"column":74}},"4":{"start":{"line":14,"column":4},"end":{"line":14,"column":79}},"5":{"start":{"line":15,"column":4},"end":{"line":15,"column":42}},"6":{"start":{"line":18,"column":0},"end":{"line":18,"column":35}}},"fnMap":{"0":{"name":"(anonymous_0)","decl":{"start":{"line":7,"column":24},"end":{"line":7,"column":25}},"loc":{"start":{"line":7,"column":52},"end":{"line":16,"column":1}},"line":7},"1":{"name":"(anonymous_1)","decl":{"start":{"line":11,"column":27},"end":{"line":11,"column":28}},"loc":{"start":{"line":11,"column":44},"end":{"line":13,"column":5}},"line":11}},"branchMap":{},"s":{"0":2,"1":1,"2":1,"3":3,"4":1,"5":1,"6":2},"f":{"0":1,"1":3},"b":{},"_coverageSchema":"1a1c01bbd47fc00a2c39e90264f33305004495a9","hash":"940bcbeaf4d66f544e7e81bf54d50359de090f62"}
,"C:\\Users\\Berkay\\Desktop\\survey\\helper\\hasDepartmentIds.js": {"path":"C:\\Users\\Berkay\\Desktop\\survey\\helper\\hasDepartmentIds.js","statementMap":{"0":{"start":{"line":1,"column":28},"end":{"line":1,"column":59}},"1":{"start":{"line":7,"column":28},"end":{"line":24,"column":1}},"2":{"start":{"line":8,"column":4},"end":{"line":23,"column":5}},"3":{"start":{"line":9,"column":23},"end":{"line":9,"column":52}},"4":{"start":{"line":10,"column":8},"end":{"line":10,"column":63}},"5":{"start":{"line":10,"column":49},"end":{"line":10,"column":63}},"6":{"start":{"line":11,"column":25},"end":{"line":11,"column":51}},"7":{"start":{"line":12,"column":8},"end":{"line":12,"column":65}},"8":{"start":{"line":12,"column":52},"end":{"line":12,"column":65}},"9":{"start":{"line":13,"column":25},"end":{"line":13,"column":80}},"10":{"start":{"line":13,"column":46},"end":{"line":13,"column":77}},"11":{"start":{"line":14,"column":22},"end":{"line":14,"column":23}},"12":{"start":{"line":15,"column":8},"end":{"line":19,"column":11}},"13":{"start":{"line":16,"column":12},"end":{"line":18,"column":13}},"14":{"start":{"line":17,"column":16},"end":{"line":17,"column":29}},"15":{"start":{"line":20,"column":8},"end":{"line":20,"column":51}},"16":{"start":{"line":25,"column":0},"end":{"line":25,"column":37}}},"fnMap":{"0":{"name":"(anonymous_0)","decl":{"start":{"line":7,"column":28},"end":{"line":7,"column":29}},"loc":{"start":{"line":7,"column":51},"end":{"line":24,"column":1}},"line":7},"1":{"name":"(anonymous_1)","decl":{"start":{"line":13,"column":40},"end":{"line":13,"column":41}},"loc":{"start":{"line":13,"column":46},"end":{"line":13,"column":77}},"line":13},"2":{"name":"(anonymous_2)","decl":{"start":{"line":15,"column":27},"end":{"line":15,"column":28}},"loc":{"start":{"line":15,"column":38},"end":{"line":19,"column":9}},"line":15}},"branchMap":{"0":{"loc":{"start":{"line":10,"column":8},"end":{"line":10,"column":63}},"type":"if","locations":[{"start":{"line":10,"column":8},"end":{"line":10,"column":63}},{"start":{},"end":{}}],"line":10},"1":{"loc":{"start":{"line":10,"column":11},"end":{"line":10,"column":47}},"type":"binary-expr","locations":[{"start":{"line":10,"column":11},"end":{"line":10,"column":18}},{"start":{"line":10,"column":22},"end":{"line":10,"column":47}}],"line":10},"2":{"loc":{"start":{"line":12,"column":8},"end":{"line":12,"column":65}},"type":"if","locations":[{"start":{"line":12,"column":8},"end":{"line":12,"column":65}},{"start":{},"end":{}}],"line":12},"3":{"loc":{"start":{"line":16,"column":12},"end":{"line":18,"column":13}},"type":"if","locations":[{"start":{"line":16,"column":12},"end":{"line":18,"column":13}},{"start":{},"end":{}}],"line":16}},"s":{"0":1,"1":1,"2":0,"3":0,"4":0,"5":0,"6":0,"7":0,"8":0,"9":0,"10":0,"11":0,"12":0,"13":0,"14":0,"15":0,"16":1},"f":{"0":0,"1":0,"2":0},"b":{"0":[0,0],"1":[0,0],"2":[0,0],"3":[0,0]},"_coverageSchema":"1a1c01bbd47fc00a2c39e90264f33305004495a9","hash":"571c0bfe20ae3a22c0d6087f5947adb5d39a4e77"}
,"C:\\Users\\Berkay\\Desktop\\survey\\helper\\passwordValidator.js": {"path":"C:\\Users\\Berkay\\Desktop\\survey\\helper\\passwordValidator.js","statementMap":{"0":{"start":{"line":5,"column":24},"end":{"line":10,"column":1}},"1":{"start":{"line":6,"column":18},"end":{"line":6,"column":36}},"2":{"start":{"line":7,"column":17},"end":{"line":7,"column":42}},"3":{"start":{"line":8,"column":17},"end":{"line":8,"column":36}},"4":{"start":{"line":9,"column":4},"end":{"line":9,"column":34}},"5":{"start":{"line":12,"column":0},"end":{"line":12,"column":33}}},"fnMap":{"0":{"name":"(anonymous_0)","decl":{"start":{"line":5,"column":24},"end":{"line":5,"column":25}},"loc":{"start":{"line":5,"column":36},"end":{"line":10,"column":1}},"line":5}},"branchMap":{"0":{"loc":{"start":{"line":9,"column":11},"end":{"line":9,"column":34}},"type":"binary-expr","locations":[{"start":{"line":9,"column":11},"end":{"line":9,"column":17}},{"start":{"line":9,"column":20},"end":{"line":9,"column":26}},{"start":{"line":9,"column":28},"end":{"line":9,"column":34}}],"line":9}},"s":{"0":2,"1":4,"2":4,"3":4,"4":4,"5":2},"f":{"0":4},"b":{"0":[4,3,2]},"_coverageSchema":"1a1c01bbd47fc00a2c39e90264f33305004495a9","hash":"4a32e7a9d7f72de8691c957522184bcec066bc9b"}
,"C:\\Users\\Berkay\\Desktop\\survey\\helper\\redisHelper.js": {"path":"C:\\Users\\Berkay\\Desktop\\survey\\helper\\redisHelper.js","statementMap":{"0":{"start":{"line":1,"column":15},"end":{"line":1,"column":51}},"1":{"start":{"line":8,"column":21},"end":{"line":11,"column":1}},"2":{"start":{"line":9,"column":17},"end":{"line":9,"column":52}},"3":{"start":{"line":10,"column":4},"end":{"line":10,"column":30}},"4":{"start":{"line":19,"column":17},"end":{"line":22,"column":1}},"5":{"start":{"line":20,"column":18},"end":{"line":20,"column":68}},"6":{"start":{"line":21,"column":4},"end":{"line":21,"column":18}},"7":{"start":{"line":28,"column":27},"end":{"line":36,"column":1}},"8":{"start":{"line":29,"column":17},"end":{"line":29,"column":40}},"9":{"start":{"line":30,"column":16},"end":{"line":30,"column":20}},"10":{"start":{"line":31,"column":4},"end":{"line":33,"column":7}},"11":{"start":{"line":32,"column":8},"end":{"line":32,"column":33}},"12":{"start":{"line":32,"column":19},"end":{"line":32,"column":33}},"13":{"start":{"line":34,"column":4},"end":{"line":34,"column":29}},"14":{"start":{"line":34,"column":17},"end":{"line":34,"column":29}},"15":{"start":{"line":35,"column":4},"end":{"line":35,"column":30}},"16":{"start":{"line":43,"column":23},"end":{"line":54,"column":1}},"17":{"start":{"line":44,"column":14},"end":{"line":44,"column":16}},"18":{"start":{"line":46,"column":4},"end":{"line":49,"column":5}},"19":{"start":{"line":46,"column":14},"end":{"line":46,"column":15}},"20":{"start":{"line":47,"column":8},"end":{"line":47,"column":25}},"21":{"start":{"line":48,"column":8},"end":{"line":48,"column":43}},"22":{"start":{"line":50,"column":4},"end":{"line":50,"column":21}},"23":{"start":{"line":51,"column":17},"end":{"line":51,"column":39}},"24":{"start":{"line":53,"column":4},"end":{"line":53,"column":18}},"25":{"start":{"line":56,"column":0},"end":{"line":56,"column":81}}},"fnMap":{"0":{"name":"(anonymous_0)","decl":{"start":{"line":8,"column":21},"end":{"line":8,"column":22}},"loc":{"start":{"line":8,"column":33},"end":{"line":11,"column":1}},"line":8},"1":{"name":"(anonymous_1)","decl":{"start":{"line":9,"column":38},"end":{"line":9,"column":39}},"loc":{"start":{"line":9,"column":49},"end":{"line":9,"column":51}},"line":9},"2":{"name":"(anonymous_2)","decl":{"start":{"line":19,"column":17},"end":{"line":19,"column":18}},"loc":{"start":{"line":19,"column":35},"end":{"line":22,"column":1}},"line":19},"3":{"name":"(anonymous_3)","decl":{"start":{"line":28,"column":27},"end":{"line":28,"column":28}},"loc":{"start":{"line":28,"column":40},"end":{"line":36,"column":1}},"line":28},"4":{"name":"(anonymous_4)","decl":{"start":{"line":31,"column":19},"end":{"line":31,"column":20}},"loc":{"start":{"line":31,"column":26},"end":{"line":33,"column":5}},"line":31},"5":{"name":"(anonymous_5)","decl":{"start":{"line":43,"column":23},"end":{"line":43,"column":24}},"loc":{"start":{"line":43,"column":43},"end":{"line":54,"column":1}},"line":43}},"branchMap":{"0":{"loc":{"start":{"line":32,"column":8},"end":{"line":32,"column":33}},"type":"if","locations":[{"start":{"line":32,"column":8},"end":{"line":32,"column":33}},{"start":{},"end":{}}],"line":32},"1":{"loc":{"start":{"line":34,"column":4},"end":{"line":34,"column":29}},"type":"if","locations":[{"start":{"line":34,"column":4},"end":{"line":34,"column":29}},{"start":{},"end":{}}],"line":34}},"s":{"0":1,"1":1,"2":0,"3":0,"4":1,"5":0,"6":0,"7":1,"8":0,"9":0,"10":0,"11":0,"12":0,"13":0,"14":0,"15":0,"16":1,"17":0,"18":0,"19":0,"20":0,"21":0,"22":0,"23":0,"24":0,"25":1},"f":{"0":0,"1":0,"2":0,"3":0,"4":0,"5":0},"b":{"0":[0,0],"1":[0,0]},"_coverageSchema":"1a1c01bbd47fc00a2c39e90264f33305004495a9","hash":"92fa43063eed61804d672924233deb658e273cfd"}
,"C:\\Users\\Berkay\\Desktop\\survey\\helper\\usernameValidator.js": {"path":"C:\\Users\\Berkay\\Desktop\\survey\\helper\\usernameValidator.js","statementMap":{"0":{"start":{"line":1,"column":22},"end":{"line":1,"column":47}},"1":{"start":{"line":9,"column":16},"end":{"line":9,"column":36}},"2":{"start":{"line":10,"column":15},"end":{"line":10,"column":25}},"3":{"start":{"line":11,"column":17},"end":{"line":11,"column":58}},"4":{"start":{"line":11,"column":33},"end":{"line":11,"column":57}},"5":{"start":{"line":12,"column":4},"end":{"line":14,"column":5}},"6":{"start":{"line":13,"column":8},"end":{"line":13,"column":21}},"7":{"start":{"line":15,"column":4},"end":{"line":15,"column":16}},"8":{"start":{"line":19,"column":0},"end":{"line":19,"column":33}}},"fnMap":{"0":{"name":"usernameValidator","decl":{"start":{"line":8,"column":15},"end":{"line":8,"column":32}},"loc":{"start":{"line":8,"column":42},"end":{"line":17,"column":1}},"line":8},"1":{"name":"(anonymous_1)","decl":{"start":{"line":11,"column":27},"end":{"line":11,"column":28}},"loc":{"start":{"line":11,"column":33},"end":{"line":11,"column":57}},"line":11}},"branchMap":{"0":{"loc":{"start":{"line":12,"column":4},"end":{"line":14,"column":5}},"type":"if","locations":[{"start":{"line":12,"column":4},"end":{"line":14,"column":5}},{"start":{},"end":{}}],"line":12}},"s":{"0":1,"1":0,"2":0,"3":0,"4":0,"5":0,"6":0,"7":0,"8":1},"f":{"0":0,"1":0},"b":{"0":[0,0]},"_coverageSchema":"1a1c01bbd47fc00a2c39e90264f33305004495a9","hash":"81af1e3fafcfa4a1ea8575cd4f77ff72b86d6899"}
,"C:\\Users\\Berkay\\Desktop\\survey\\middleware\\verifyJWT.js": {"path":"C:\\Users\\Berkay\\Desktop\\survey\\middleware\\verifyJWT.js","statementMap":{"0":{"start":{"line":1,"column":10},"end":{"line":1,"column":33}},"1":{"start":{"line":3,"column":16},"end":{"line":20,"column":1}},"2":{"start":{"line":4,"column":21},"end":{"line":4,"column":73}},"3":{"start":{"line":5,"column":4},"end":{"line":7,"column":5}},"4":{"start":{"line":6,"column":8},"end":{"line":6,"column":35}},"5":{"start":{"line":8,"column":17},"end":{"line":8,"column":41}},"6":{"start":{"line":9,"column":4},"end":{"line":19,"column":7}},"7":{"start":{"line":13,"column":12},"end":{"line":13,"column":47}},"8":{"start":{"line":13,"column":20},"end":{"line":13,"column":47}},"9":{"start":{"line":14,"column":12},"end":{"line":14,"column":50}},"10":{"start":{"line":15,"column":12},"end":{"line":15,"column":42}},"11":{"start":{"line":16,"column":12},"end":{"line":16,"column":48}},"12":{"start":{"line":17,"column":12},"end":{"line":17,"column":60}},"13":{"start":{"line":18,"column":12},"end":{"line":18,"column":19}},"14":{"start":{"line":22,"column":0},"end":{"line":22,"column":25}}},"fnMap":{"0":{"name":"(anonymous_0)","decl":{"start":{"line":3,"column":16},"end":{"line":3,"column":17}},"loc":{"start":{"line":3,"column":32},"end":{"line":20,"column":1}},"line":3},"1":{"name":"(anonymous_1)","decl":{"start":{"line":12,"column":8},"end":{"line":12,"column":9}},"loc":{"start":{"line":12,"column":22},"end":{"line":19,"column":5}},"line":12}},"branchMap":{"0":{"loc":{"start":{"line":4,"column":21},"end":{"line":4,"column":73}},"type":"binary-expr","locations":[{"start":{"line":4,"column":21},"end":{"line":4,"column":46}},{"start":{"line":4,"column":48},"end":{"line":4,"column":73}}],"line":4},"1":{"loc":{"start":{"line":5,"column":4},"end":{"line":7,"column":5}},"type":"if","locations":[{"start":{"line":5,"column":4},"end":{"line":7,"column":5}},{"start":{},"end":{}}],"line":5},"2":{"loc":{"start":{"line":13,"column":12},"end":{"line":13,"column":47}},"type":"if","locations":[{"start":{"line":13,"column":12},"end":{"line":13,"column":47}},{"start":{},"end":{}}],"line":13}},"s":{"0":1,"1":1,"2":0,"3":0,"4":0,"5":0,"6":0,"7":0,"8":0,"9":0,"10":0,"11":0,"12":0,"13":0,"14":1},"f":{"0":0,"1":0},"b":{"0":[0,0],"1":[0,0],"2":[0,0]},"_coverageSchema":"1a1c01bbd47fc00a2c39e90264f33305004495a9","hash":"077701bfe3097020c152fbbbc435ccb967f23af2"}
,"C:\\Users\\Berkay\\Desktop\\survey\\middleware\\verifyRoles.js": {"path":"C:\\Users\\Berkay\\Desktop\\survey\\middleware\\verifyRoles.js","statementMap":{"0":{"start":{"line":6,"column":18},"end":{"line":14,"column":1}},"1":{"start":{"line":7,"column":4},"end":{"line":13,"column":5}},"2":{"start":{"line":8,"column":23},"end":{"line":8,"column":35}},"3":{"start":{"line":9,"column":8},"end":{"line":9,"column":49}},"4":{"start":{"line":9,"column":22},"end":{"line":9,"column":49}},"5":{"start":{"line":10,"column":21},"end":{"line":10,"column":45}},"6":{"start":{"line":11,"column":8},"end":{"line":11,"column":46}},"7":{"start":{"line":11,"column":19},"end":{"line":11,"column":46}},"8":{"start":{"line":12,"column":8},"end":{"line":12,"column":15}},"9":{"start":{"line":15,"column":0},"end":{"line":15,"column":29}}},"fnMap":{"0":{"name":"(anonymous_0)","decl":{"start":{"line":6,"column":18},"end":{"line":6,"column":19}},"loc":{"start":{"line":6,"column":30},"end":{"line":14,"column":1}},"line":6},"1":{"name":"(anonymous_1)","decl":{"start":{"line":7,"column":11},"end":{"line":7,"column":12}},"loc":{"start":{"line":7,"column":27},"end":{"line":13,"column":5}},"line":7}},"branchMap":{"0":{"loc":{"start":{"line":9,"column":8},"end":{"line":9,"column":49}},"type":"if","locations":[{"start":{"line":9,"column":8},"end":{"line":9,"column":49}},{"start":{},"end":{}}],"line":9},"1":{"loc":{"start":{"line":11,"column":8},"end":{"line":11,"column":46}},"type":"if","locations":[{"start":{"line":11,"column":8},"end":{"line":11,"column":46}},{"start":{},"end":{}}],"line":11}},"s":{"0":1,"1":3,"2":0,"3":0,"4":0,"5":0,"6":0,"7":0,"8":0,"9":1},"f":{"0":3,"1":0},"b":{"0":[0,0],"1":[0,0]},"_coverageSchema":"1a1c01bbd47fc00a2c39e90264f33305004495a9","hash":"96077dd747435e61d187664f526f7afa601a20ad"}
,"C:\\Users\\Berkay\\Desktop\\survey\\model\\Answers.js": {"path":"C:\\Users\\Berkay\\Desktop\\survey\\model\\Answers.js","statementMap":{"0":{"start":{"line":1,"column":22},"end":{"line":1,"column":58}},"1":{"start":{"line":2,"column":72},"end":{"line":2,"column":104}},"2":{"start":{"line":4,"column":19},"end":{"line":13,"column":1}},"3":{"start":{"line":5,"column":22},"end":{"line":6,"column":81}},"4":{"start":{"line":7,"column":4},"end":{"line":12,"column":6}},"5":{"start":{"line":8,"column":8},"end":{"line":11,"column":10}},"6":{"start":{"line":9,"column":12},"end":{"line":9,"column":36}},"7":{"start":{"line":9,"column":22},"end":{"line":9,"column":36}},"8":{"start":{"line":10,"column":12},"end":{"line":10,"column":28}},"9":{"start":{"line":14,"column":17},"end":{"line":29,"column":1}},"10":{"start":{"line":15,"column":22},"end":{"line":15,"column":45}},"11":{"start":{"line":17,"column":18},"end":{"line":17,"column":49}},"12":{"start":{"line":18,"column":4},"end":{"line":26,"column":5}},"13":{"start":{"line":19,"column":8},"end":{"line":25,"column":10}},"14":{"start":{"line":20,"column":12},"end":{"line":24,"column":14}},"15":{"start":{"line":21,"column":16},"end":{"line":21,"column":40}},"16":{"start":{"line":21,"column":26},"end":{"line":21,"column":40}},"17":{"start":{"line":22,"column":16},"end":{"line":22,"column":51}},"18":{"start":{"line":23,"column":16},"end":{"line":23,"column":32}},"19":{"start":{"line":27,"column":4},"end":{"line":27,"column":19}},"20":{"start":{"line":30,"column":19},"end":{"line":38,"column":1}},"21":{"start":{"line":31,"column":22},"end":{"line":31,"column":76}},"22":{"start":{"line":32,"column":4},"end":{"line":37,"column":6}},"23":{"start":{"line":33,"column":8},"end":{"line":36,"column":10}},"24":{"start":{"line":34,"column":12},"end":{"line":34,"column":36}},"25":{"start":{"line":34,"column":22},"end":{"line":34,"column":36}},"26":{"start":{"line":35,"column":12},"end":{"line":35,"column":28}},"27":{"start":{"line":40,"column":25},"end":{"line":57,"column":1}},"28":{"start":{"line":41,"column":12},"end":{"line":41,"column":37}},"29":{"start":{"line":42,"column":4},"end":{"line":42,"column":24}},"30":{"start":{"line":43,"column":18},"end":{"line":43,"column":77}},"31":{"start":{"line":43,"column":46},"end":{"line":43,"column":76}},"32":{"start":{"line":44,"column":18},"end":{"line":44,"column":53}},"33":{"start":{"line":45,"column":4},"end":{"line":54,"column":5}},"34":{"start":{"line":46,"column":26},"end":{"line":46,"column":86}},"35":{"start":{"line":47,"column":8},"end":{"line":53,"column":10}},"36":{"start":{"line":48,"column":12},"end":{"line":52,"column":14}},"37":{"start":{"line":49,"column":16},"end":{"line":49,"column":40}},"38":{"start":{"line":49,"column":26},"end":{"line":49,"column":40}},"39":{"start":{"line":50,"column":16},"end":{"line":50,"column":55}},"40":{"start":{"line":51,"column":16},"end":{"line":51,"column":32}},"41":{"start":{"line":55,"column":4},"end":{"line":55,"column":19}},"42":{"start":{"line":58,"column":0},"end":{"line":58,"column":73}}},"fnMap":{"0":{"name":"(anonymous_0)","decl":{"start":{"line":4,"column":19},"end":{"line":4,"column":20}},"loc":{"start":{"line":4,"column":37},"end":{"line":13,"column":1}},"line":4},"1":{"name":"(anonymous_1)","decl":{"start":{"line":7,"column":29},"end":{"line":7,"column":30}},"loc":{"start":{"line":7,"column":47},"end":{"line":12,"column":5}},"line":7},"2":{"name":"(anonymous_2)","decl":{"start":{"line":8,"column":42},"end":{"line":8,"column":43}},"loc":{"start":{"line":8,"column":64},"end":{"line":11,"column":9}},"line":8},"3":{"name":"(anonymous_3)","decl":{"start":{"line":14,"column":17},"end":{"line":14,"column":18}},"loc":{"start":{"line":14,"column":26},"end":{"line":29,"column":1}},"line":14},"4":{"name":"(anonymous_4)","decl":{"start":{"line":19,"column":33},"end":{"line":19,"column":34}},"loc":{"start":{"line":19,"column":51},"end":{"line":25,"column":9}},"line":19},"5":{"name":"(anonymous_5)","decl":{"start":{"line":20,"column":46},"end":{"line":20,"column":47}},"loc":{"start":{"line":20,"column":74},"end":{"line":24,"column":13}},"line":20},"6":{"name":"(anonymous_6)","decl":{"start":{"line":30,"column":19},"end":{"line":30,"column":20}},"loc":{"start":{"line":30,"column":37},"end":{"line":38,"column":1}},"line":30},"7":{"name":"(anonymous_7)","decl":{"start":{"line":32,"column":29},"end":{"line":32,"column":30}},"loc":{"start":{"line":32,"column":47},"end":{"line":37,"column":5}},"line":32},"8":{"name":"(anonymous_8)","decl":{"start":{"line":33,"column":42},"end":{"line":33,"column":43}},"loc":{"start":{"line":33,"column":64},"end":{"line":36,"column":9}},"line":33},"9":{"name":"(anonymous_9)","decl":{"start":{"line":40,"column":25},"end":{"line":40,"column":26}},"loc":{"start":{"line":40,"column":46},"end":{"line":57,"column":1}},"line":40},"10":{"name":"(anonymous_10)","decl":{"start":{"line":43,"column":37},"end":{"line":43,"column":38}},"loc":{"start":{"line":43,"column":46},"end":{"line":43,"column":76}},"line":43},"11":{"name":"(anonymous_11)","decl":{"start":{"line":47,"column":33},"end":{"line":47,"column":34}},"loc":{"start":{"line":47,"column":51},"end":{"line":53,"column":9}},"line":47},"12":{"name":"(anonymous_12)","decl":{"start":{"line":48,"column":46},"end":{"line":48,"column":47}},"loc":{"start":{"line":48,"column":74},"end":{"line":52,"column":13}},"line":48}},"branchMap":{"0":{"loc":{"start":{"line":9,"column":12},"end":{"line":9,"column":36}},"type":"if","locations":[{"start":{"line":9,"column":12},"end":{"line":9,"column":36}},{"start":{},"end":{}}],"line":9},"1":{"loc":{"start":{"line":18,"column":4},"end":{"line":26,"column":5}},"type":"if","locations":[{"start":{"line":18,"column":4},"end":{"line":26,"column":5}},{"start":{},"end":{}}],"line":18},"2":{"loc":{"start":{"line":21,"column":16},"end":{"line":21,"column":40}},"type":"if","locations":[{"start":{"line":21,"column":16},"end":{"line":21,"column":40}},{"start":{},"end":{}}],"line":21},"3":{"loc":{"start":{"line":34,"column":12},"end":{"line":34,"column":36}},"type":"if","locations":[{"start":{"line":34,"column":12},"end":{"line":34,"column":36}},{"start":{},"end":{}}],"line":34},"4":{"loc":{"start":{"line":45,"column":4},"end":{"line":54,"column":5}},"type":"if","locations":[{"start":{"line":45,"column":4},"end":{"line":54,"column":5}},{"start":{},"end":{}}],"line":45},"5":{"loc":{"start":{"line":49,"column":16},"end":{"line":49,"column":40}},"type":"if","locations":[{"start":{"line":49,"column":16},"end":{"line":49,"column":40}},{"start":{},"end":{}}],"line":49}},"s":{"0":1,"1":1,"2":1,"3":0,"4":0,"5":0,"6":0,"7":0,"8":0,"9":1,"10":0,"11":0,"12":0,"13":0,"14":0,"15":0,"16":0,"17":0,"18":0,"19":0,"20":1,"21":0,"22":0,"23":0,"24":0,"25":0,"26":0,"27":1,"28":0,"29":0,"30":0,"31":0,"32":0,"33":0,"34":0,"35":0,"36":0,"37":0,"38":0,"39":0,"40":0,"41":0,"42":1},"f":{"0":0,"1":0,"2":0,"3":0,"4":0,"5":0,"6":0,"7":0,"8":0,"9":0,"10":0,"11":0,"12":0},"b":{"0":[0,0],"1":[0,0],"2":[0,0],"3":[0,0],"4":[0,0],"5":[0,0]},"_coverageSchema":"1a1c01bbd47fc00a2c39e90264f33305004495a9","hash":"6f79b0b67fde313585e10ba94fac3a31b77d7833"}
,"C:\\Users\\Berkay\\Desktop\\survey\\model\\Choices.js": {"path":"C:\\Users\\Berkay\\Desktop\\survey\\model\\Choices.js","statementMap":{"0":{"start":{"line":1,"column":22},"end":{"line":1,"column":58}},"1":{"start":{"line":2,"column":72},"end":{"line":2,"column":104}},"2":{"start":{"line":4,"column":32},"end":{"line":16,"column":1}},"3":{"start":{"line":5,"column":20},"end":{"line":5,"column":68}},"4":{"start":{"line":6,"column":4},"end":{"line":8,"column":7}},"5":{"start":{"line":7,"column":8},"end":{"line":7,"column":51}},"6":{"start":{"line":9,"column":4},"end":{"line":9,"column":41}},"7":{"start":{"line":10,"column":4},"end":{"line":15,"column":6}},"8":{"start":{"line":11,"column":8},"end":{"line":14,"column":10}},"9":{"start":{"line":12,"column":12},"end":{"line":12,"column":36}},"10":{"start":{"line":12,"column":22},"end":{"line":12,"column":36}},"11":{"start":{"line":13,"column":12},"end":{"line":13,"column":28}},"12":{"start":{"line":18,"column":29},"end":{"line":38,"column":1}},"13":{"start":{"line":19,"column":24},"end":{"line":19,"column":27}},"14":{"start":{"line":20,"column":4},"end":{"line":22,"column":7}},"15":{"start":{"line":21,"column":8},"end":{"line":21,"column":34}},"16":{"start":{"line":23,"column":4},"end":{"line":23,"column":49}},"17":{"start":{"line":24,"column":4},"end":{"line":24,"column":25}},"18":{"start":{"line":25,"column":18},"end":{"line":25,"column":74}},"19":{"start":{"line":25,"column":43},"end":{"line":25,"column":73}},"20":{"start":{"line":26,"column":18},"end":{"line":26,"column":53}},"21":{"start":{"line":27,"column":4},"end":{"line":36,"column":5}},"22":{"start":{"line":28,"column":26},"end":{"line":28,"column":89}},"23":{"start":{"line":29,"column":8},"end":{"line":35,"column":10}},"24":{"start":{"line":30,"column":12},"end":{"line":34,"column":14}},"25":{"start":{"line":31,"column":16},"end":{"line":31,"column":40}},"26":{"start":{"line":31,"column":26},"end":{"line":31,"column":40}},"27":{"start":{"line":32,"column":16},"end":{"line":32,"column":55}},"28":{"start":{"line":33,"column":16},"end":{"line":33,"column":32}},"29":{"start":{"line":37,"column":4},"end":{"line":37,"column":19}},"30":{"start":{"line":39,"column":0},"end":{"line":39,"column":66}}},"fnMap":{"0":{"name":"(anonymous_0)","decl":{"start":{"line":4,"column":32},"end":{"line":4,"column":33}},"loc":{"start":{"line":4,"column":59},"end":{"line":16,"column":1}},"line":4},"1":{"name":"(anonymous_1)","decl":{"start":{"line":6,"column":20},"end":{"line":6,"column":21}},"loc":{"start":{"line":6,"column":29},"end":{"line":8,"column":5}},"line":6},"2":{"name":"(anonymous_2)","decl":{"start":{"line":10,"column":29},"end":{"line":10,"column":30}},"loc":{"start":{"line":10,"column":47},"end":{"line":15,"column":5}},"line":10},"3":{"name":"(anonymous_3)","decl":{"start":{"line":11,"column":42},"end":{"line":11,"column":43}},"loc":{"start":{"line":11,"column":64},"end":{"line":14,"column":9}},"line":11},"4":{"name":"(anonymous_4)","decl":{"start":{"line":18,"column":29},"end":{"line":18,"column":30}},"loc":{"start":{"line":18,"column":49},"end":{"line":38,"column":1}},"line":18},"5":{"name":"(anonymous_5)","decl":{"start":{"line":20,"column":24},"end":{"line":20,"column":25}},"loc":{"start":{"line":20,"column":28},"end":{"line":22,"column":5}},"line":20},"6":{"name":"(anonymous_6)","decl":{"start":{"line":25,"column":34},"end":{"line":25,"column":35}},"loc":{"start":{"line":25,"column":43},"end":{"line":25,"column":73}},"line":25},"7":{"name":"(anonymous_7)","decl":{"start":{"line":29,"column":33},"end":{"line":29,"column":34}},"loc":{"start":{"line":29,"column":51},"end":{"line":35,"column":9}},"line":29},"8":{"name":"(anonymous_8)","decl":{"start":{"line":30,"column":46},"end":{"line":30,"column":47}},"loc":{"start":{"line":30,"column":74},"end":{"line":34,"column":13}},"line":30}},"branchMap":{"0":{"loc":{"start":{"line":12,"column":12},"end":{"line":12,"column":36}},"type":"if","locations":[{"start":{"line":12,"column":12},"end":{"line":12,"column":36}},{"start":{},"end":{}}],"line":12},"1":{"loc":{"start":{"line":27,"column":4},"end":{"line":36,"column":5}},"type":"if","locations":[{"start":{"line":27,"column":4},"end":{"line":36,"column":5}},{"start":{},"end":{}}],"line":27},"2":{"loc":{"start":{"line":31,"column":16},"end":{"line":31,"column":40}},"type":"if","locations":[{"start":{"line":31,"column":16},"end":{"line":31,"column":40}},{"start":{},"end":{}}],"line":31}},"s":{"0":1,"1":1,"2":1,"3":0,"4":0,"5":0,"6":0,"7":0,"8":0,"9":0,"10":0,"11":0,"12":1,"13":0,"14":0,"15":0,"16":0,"17":0,"18":0,"19":0,"20":0,"21":0,"22":0,"23":0,"24":0,"25":0,"26":0,"27":0,"28":0,"29":0,"30":1},"f":{"0":0,"1":0,"2":0,"3":0,"4":0,"5":0,"6":0,"7":0,"8":0},"b":{"0":[0,0],"1":[0,0],"2":[0,0]},"_coverageSchema":"1a1c01bbd47fc00a2c39e90264f33305004495a9","hash":"0d9f2a6b5b4816a29a47974809355cd37ed9e544"}
,"C:\\Users\\Berkay\\Desktop\\survey\\model\\Departments.js": {"path":"C:\\Users\\Berkay\\Desktop\\survey\\model\\Departments.js","statementMap":{"0":{"start":{"line":1,"column":22},"end":{"line":1,"column":58}},"1":{"start":{"line":2,"column":34},"end":{"line":2,"column":66}},"2":{"start":{"line":4,"column":25},"end":{"line":19,"column":1}},"3":{"start":{"line":5,"column":31},"end":{"line":5,"column":64}},"4":{"start":{"line":7,"column":18},"end":{"line":7,"column":53}},"5":{"start":{"line":8,"column":4},"end":{"line":16,"column":5}},"6":{"start":{"line":9,"column":8},"end":{"line":15,"column":10}},"7":{"start":{"line":10,"column":12},"end":{"line":14,"column":15}},"8":{"start":{"line":11,"column":16},"end":{"line":11,"column":36}},"9":{"start":{"line":11,"column":24},"end":{"line":11,"column":36}},"10":{"start":{"line":12,"column":16},"end":{"line":12,"column":55}},"11":{"start":{"line":13,"column":16},"end":{"line":13,"column":32}},"12":{"start":{"line":17,"column":4},"end":{"line":17,"column":19}},"13":{"start":{"line":21,"column":0},"end":{"line":21,"column":36}}},"fnMap":{"0":{"name":"(anonymous_0)","decl":{"start":{"line":4,"column":25},"end":{"line":4,"column":26}},"loc":{"start":{"line":4,"column":35},"end":{"line":19,"column":1}},"line":4},"1":{"name":"(anonymous_1)","decl":{"start":{"line":9,"column":33},"end":{"line":9,"column":34}},"loc":{"start":{"line":9,"column":51},"end":{"line":15,"column":9}},"line":9},"2":{"name":"(anonymous_2)","decl":{"start":{"line":10,"column":55},"end":{"line":10,"column":56}},"loc":{"start":{"line":10,"column":81},"end":{"line":14,"column":13}},"line":10}},"branchMap":{"0":{"loc":{"start":{"line":8,"column":4},"end":{"line":16,"column":5}},"type":"if","locations":[{"start":{"line":8,"column":4},"end":{"line":16,"column":5}},{"start":{},"end":{}}],"line":8},"1":{"loc":{"start":{"line":11,"column":16},"end":{"line":11,"column":36}},"type":"if","locations":[{"start":{"line":11,"column":16},"end":{"line":11,"column":36}},{"start":{},"end":{}}],"line":11}},"s":{"0
[...]
,"C:\\Users\\Berkay\\Desktop\\survey\\model\\Roles.js": {"path":"C:\\Users\\Berkay\\Desktop\\survey\\model\\Roles.js","statementMap":{"0":{"start":{"line":1,"column":22},"end":{"line":1,"column":58}},"1":{"start":{"line":2,"column":55},"end":{"line":2,"column":87}},"2":{"start":{"line":4,"column":19},"end":{"line":19,"column":1}},"3":{"start":{"line":6,"column":18},"end":{"line":6,"column":47}},"4":{"start":{"line":7,"column":4},"end":{"line":16,"column":5}},"5":{"start":{"line":8,"column":29},"end":{"line":8,"column":69}},"6":{"start":{"line":9,"column":8},"end":{"line":15,"column":10}},"7":{"start":{"line":10,"column":12},"end":{"line":14,"column":14}},"8":{"start":{"line":11,"column":16},"end":{"line":11,"column":40}},"9":{"start":{"line":11,"column":26},"end":{"line":11,"column":40}},"10":{"start":{"line":12,"column":16},"end":{"line":12,"column":48}},"11":{"start":{"line":13,"column":16},"end":{"line":13,"column":32}},"12":{"start":{"line":17,"column":4},"end":{"line":17,"column":19}},"13":{"start":{"line":21,"column":0},"end":{"line":21,"column":30}}},"fnMap":{"0":{"name":"(anonymous_0)","decl":{"start":{"line":4,"column":19},"end":{"line":4,"column":20}},"loc":{"start":{"line":4,"column":28},"end":{"line":19,"column":1}},"line":4},"1":{"name":"(anonymous_1)","decl":{"start":{"line":9,"column":33},"end":{"line":9,"column":34}},"loc":{"start":{"line":9,"column":51},"end":{"line":15,"column":9}},"line":9},"2":{"name":"(anonymous_2)","decl":{"start":{"line":10,"column":49},"end":{"line":10,"column":50}},"loc":{"start":{"line":10,"column":77},"end":{"line":14,"column":13}},"line":10}},"branchMap":{"0":{"loc":{"start":{"line":7,"column":4},"end":{"line":16,"column":5}},"type":"if","locations":[{"start":{"line":7,"column":4},"end":{"line":16,"column":5}},{"start":{},"end":{}}],"line":7},"1":{"loc":{"start":{"line":11,"column":16},"end":{"line":11,"column":40}},"type":"if","locations":[{"start":{"line":11,"column":16},"end":{"line":11,"column":40}},{"start":{},"end":{}}],"line":11}},"s":{"0":1,"1":1,"2":1,"3":0,"4":0,"5":0,"6":0,"7":0,"8":0,"9":0,"10":0,"11":0,"12":0,"13":1},"f":{"0":0,"1":0,"2":0},"b":{"0":[0,0],"1":[0,0]},"_coverageSchema":"1a1c01bbd47fc00a2c39e90264f33305004495a9","hash":"ca746abaa44c1e443c4b50c4eec3ed066068deb5"}
,"C:\\Users\\Berkay\\Desktop\\survey\\model\\Surveys.js": {"path":"C:\\Users\\Berkay\\Desktop\\survey\\model\\Surveys.js","statementMap":{"0":{"start":{"line":1,"column":22},"end":{"line":1,"column":58}},"1":{"start":{"line":2,"column":34},"end":{"line":2,"column":66}},"2":{"start":{"line":9,"column":19},"end":{"line":18,"column":1}},"3":{"start":{"line":10,"column":29},"end":{"line":11,"column":110}},"4":{"start":{"line":12,"column":4},"end":{"line":17,"column":6}},"5":{"start":{"line":13,"column":8},"end":{"line":16,"column":10}},"6":{"start":{"line":14,"column":12},"end":{"line":14,"column":36}},"7":{"start":{"line":14,"column":22},"end":{"line":14,"column":36}},"8":{"start":{"line":15,"column":12},"end":{"line":15,"column":28}},"9":{"start":{"line":20,"column":20},"end":{"line":33,"column":1}},"10":{"start":{"line":21,"column":18},"end":{"line":21,"column":58}},"11":{"start":{"line":22,"column":4},"end":{"line":31,"column":5}},"12":{"start":{"line":23,"column":30},"end":{"line":23,"column":68}},"13":{"start":{"line":24,"column":8},"end":{"line":30,"column":10}},"14":{"start":{"line":25,"column":12},"end":{"line":29,"column":14}},"15":{"start":{"line":26,"column":16},"end":{"line":26,"column":40}},"16":{"start":{"line":26,"column":26},"end":{"line":26,"column":40}},"17":{"start":{"line":27,"column":16},"end":{"line":27,"column":60}},"18":{"start":{"line":28,"column":16},"end":{"line":28,"column":32}},"19":{"start":{"line":32,"column":4},"end":{"line":32,"column":19}},"20":{"start":{"line":35,"column":19},"end":{"line":44,"column":1}},"21":{"start":{"line":36,"column":29},"end":{"line":37,"column":152}},"22":{"start":{"line":38,"column":4},"end":{"line":43,"column":6}},"23":{"start":{"line":39,"column":8},"end":{"line":42,"column":10}},"24":{"start":{"line":40,"column":12},"end":{"line":40,"column":36}},"25":{"start":{"line":40,"column":22},"end":{"line":40,"column":36}},"26":{"start":{"line":41,"column":12},"end":{"line":41,"column":28}},"27":{"start":{"line":46,"column":30},"end":{"line":56,"column":1}},"28":{"start":{"line":47,"column":22},"end":{"line":49,"column":66}},"29":{"start":{"line":50,"column":4},"end":{"line":55,"column":6}},"30":{"start":{"line":51,"column":8},"end":{"line":54,"column":10}},"31":{"start":{"line":52,"column":12},"end":{"line":52,"column":36}},"32":{"start":{"line":52,"column":22},"end":{"line":52,"column":36}},"33":{"start":{"line":53,"column":12},"end":{"line":53,"column":28}},"34":{"start":{"line":58,"column":0},"end":{"line":58,"column":81}}},"fnMap":{"0":{"name":"(anonymous_0)","decl":{"start":{"line":9,"column":19},"end":{"line":9,"column":20}},"loc":{"start":{"line":9,"column":37},"end":{"line":18,"column":1}},"line":9},"1":{"name":"(anonymous_1)","decl":{"start":{"line":12,"column":29},"end":{"line":12,"column":30}},"loc":{"start":{"line":12,"column":47},"end":{"line":17,"column":5}},"line":12},"2":{"name":"(anonymous_2)","decl":{"start":{"line":13,"column":49},"end":{"line":13,"column":50}},"loc":{"start":{"line":13,"column":71},"end":{"line":16,"column":9}},"line":13},"3":{"name":"(anonymous_3)","decl":{"start":{"line":20,"column":20},"end":{"line":20,"column":21}},"loc":{"start":{"line":20,"column":31},"end":{"line":33,"column":1}},"line":20},"4":{"name":"(anonymous_4)","decl":{"start":{"line":24,"column":33},"end":{"line":24,"column":34}},"loc":{"start":{"line":24,"column":51},"end":{"line":30,"column":9}},"line":24},"5":{"name":"(anonymous_5)","decl":{"start":{"line":25,"column":50},"end":{"line":25,"column":51}},"loc":{"start":{"line":25,"column":78},"end":{"line":29,"column":13}},"line":25},"6":{"name":"(anonymous_6)","decl":{"start":{"line":35,"column":19},"end":{"line":35,"column":20}},"loc":{"start":{"line":35,"column":34},"end":{"line":44,"column":1}},"line":35},"7":{"name":"(anonymous_7)","decl":{"start":{"line":38,"column":29},"end":{"line":38,"column":30}},"loc":{"start":{"line":38,"column":47},"end":{"line":43,"column":5}},"line":38},"8":{"name":"(anonymous_8)","decl":{"start":{"line":39,"column":49},"end":{"line":39,"column":50}},"loc":{"start":{"line":39,"column":71},"end":{"line":42,"column":9}},"line":39},"9":{"name":"(anonymous_9)","decl":{"start":{"line":46,"column":30},"end":{"line":46,"column":31}},"loc":{"start":{"line":46,"column":52},"end":{"line":56,"column":1}},"line":46},"10":{"name":"(anonymous_10)","decl":{"start":{"line":50,"column":29},"end":{"line":50,"column":30}},"loc":{"start":{"line":50,"column":47},"end":{"line":55,"column":5}},"line":50},"11":{"name":"(anonymous_11)","decl":{"start":{"line":51,"column":42},"end":{"line":51,"column":43}},"loc":{"start":{"line":51,"column":64},"end":{"line":54,"column":9}},"line":51}},"branchMap":{"0":{"loc":{"start":{"line":14,"column":12},"end":{"line":14,"column":36}},"type":"if","locations":[{"start":{"line":14,"column":12},"end":{"line":14,"column":36}},{"start":{},"end":{}}],"line":14},"1":{"loc":{"start":{"line":22,"column":4},"end":{"line":31,"column":5}},"type":"if","locations":[{"start":{"line":22,"column":4},"end":{"line":31,"column":5}},{"start":{},"end":{}}],"line":22},"2":{"loc":{"start":{"line":26,"column":16},"end":{"line":26,"column":40}},"type":"if","locations":[{"start":{"line":26,"column":16},"end":{"line":26,"column":40}},{"start":{},"end":{}}],"line":26},"3":{"loc":{"start":{"line":40,"column":12},"end":{"line":40,"column":36}},"type":"if","locations":[{"start":{"line":40,"column":12},"end":{"line":40,"column":36}},{"start":{},"end":{}}],"line":40},"4":{"loc":{"start":{"line":52,"column":12},"end":{"line":52,"column":36}},"type":"if","locations":[{"start":{"line":52,"column":12},"end":{"line":52,"column":36}},{"start":{},"end":{}}],"line":52}},"s":{"0":1,"1":1,"2":1,"3":0,"4":0,"5":0,"6":0,"7":0,"8":0,"9":1,"10":0,"11":0,"12":0,"13":0,"14":0,"15":0,"16":0,"17":0,"18":0,"19":0,"20":1,"21":0,"22":0,"23":0,"24":0,"25":0,"26":0,"27":1,"28":0,"29":0,"30":0,"31":0,"32":0,"33":0,"34":1},"f":{"0":0,"1":0,"2":0,"3":0,"4":0,"5":0,"6":0,"7":0,"8":0,"9":0,"10":0,"11":0},"b":{"0":[0,0],"1":[0,0],"2":[0,0],"3":[0,0],"4":[0,0]},"_coverageSchema":"1a1c01bbd47fc00a2c39e90264f33305004495a9","hash":"0918b9997920ebd30e6b6ab1ee6322189a5eee91"}
,"C:\\Users\\Berkay\\Desktop\\survey\\model\\Users.js": {"path":"C:\\Users\\Berkay\\Desktop\\survey\\model\\Users.js","statementMap":{"0":{"start":{"line":1,"column":22},"end":{"line":1,"column":58}},"1":{"start":{"line":2,"column":34},"end":{"line":2,"column":66}},"2":{"start":{"line":8,"column":20},"end":{"line":22,"column":1}},"3":{"start":{"line":9,"column":25},"end":{"line":9,"column":46}},"4":{"start":{"line":11,"column":18},"end":{"line":11,"column":47}},"5":{"start":{"line":12,"column":4},"end":{"line":20,"column":5}},"6":{"start":{"line":13,"column":8},"end":{"line":19,"column":10}},"7":{"start":{"line":14,"column":12},"end":{"line":18,"column":15}},"8":{"start":{"line":15,"column":16},"end":{"line":15,"column":36}},"9":{"start":{"line":15,"column":24},"end":{"line":15,"column":36}},"10":{"start":{"line":16,"column":16},"end":{"line":16,"column":49}},"11":{"start":{"line":17,"column":16},"end":{"line":17,"column":33}},"12":{"start":{"line":21,"column":4},"end":{"line":21,"column":19}},"13":{"start":{"line":27,"column":24},"end":{"line":32,"column":1}},"14":{"start":{"line":28,"column":16},"end":{"line":28,"column":36}},"15":{"start":{"line":29,"column":19},"end":{"line":29,"column":61}},"16":{"start":{"line":29,"column":36},"end":{"line":29,"column":60}},"17":{"start":{"line":30,"column":4},"end":{"line":30,"column":33}},"18":{"start":{"line":30,"column":17},"end":{"line":30,"column":33}},"19":{"start":{"line":31,"column":4},"end":{"line":31,"column":16}},"20":{"start":{"line":37,"column":21},"end":{"line":45,"column":1}},"21":{"start":{"line":38,"column":23},"end":{"line":38,"column":57}},"22":{"start":{"line":39,"column":4},"end":{"line":44,"column":6}},"23":{"start":{"line":40,"column":8},"end":{"line":43,"column":10}},"24":{"start":{"line":41,"column":12},"end":{"line":41,"column":32}},"25":{"start":{"line":41,"column":20},"end":{"line":41,"column":32}},"26":{"start":{"line":42,"column":12},"end":{"line":42,"column":28}},"27":{"start":{"line":52,"column":17},"end":{"line":62,"column":1}},"28":{"start":{"line":54,"column":27},"end":{"line":55,"column":129}},"29":{"start":{"line":56,"column":4},"end":{"line":61,"column":6}},"30":{"start":{"line":57,"column":8},"end":{"line":60,"column":10}},"31":{"start":{"line":58,"column":12},"end":{"line":58,"column":32}},"32":{"start":{"line":58,"column":20},"end":{"line":58,"column":32}},"33":{"start":{"line":59,"column":12},"end":{"line":59,"column":28}},"34":{"start":{"line":63,"column":17},"end":{"line":71,"column":1}},"35":{"start":{"line":64,"column":22},"end":{"line":64,"column":88}},"36":{"start":{"line":65,"column":4},"end":{"line":70,"column":6}},"37":{"start":{"line":66,"column":8},"end":{"line":69,"column":10}},"38":{"start":{"line":67,"column":12},"end":{"line":67,"column":32}},"39":{"start":{"line":67,"column":20},"end":{"line":67,"column":32}},"40":{"start":{"line":68,"column":12},"end":{"line":68,"column":28}},"41":{"start":{"line":73,"column":0},"end":{"line":73,"column":85}}},"fnMap":{"0":{"name":"(anonymous_0)","decl":{"start":{"line":8,"column":20},"end":{"line":8,"column":21}},"loc":{"start":{"line":8,"column":29},"end":{"line":22,"column":1}},"line":8},"1":{"name":"(anonymous_1)","decl":{"start":{"line":13,"column":34},"end":{"line":13,"column":35}},"loc":{"start":{"line":13,"column":52},"end":{"line":19,"column":9}},"line":13},"2":{"name":"(anonymous_2)","decl":{"start":{"line":14,"column":49},"end":{"line":14,"column":50}},"loc":{"start":{"line":14,"column":75},"end":{"line":18,"column":13}},"line":14},"3":{"name":"(anonymous_3)","decl":{"start":{"line":27,"column":24},"end":{"line":27,"column":25}},"loc":{"start":{"line":27,"column":42},"end":{"line":32,"column":1}},"line":27},"4":{"name":"(anonymous_4)","decl":{"start":{"line":29,"column":30},"end":{"line":29,"column":31}},"loc":{"start":{"line":29,"column":36},"end":{"line":29,"column":60}},"line":29},"5":{"name":"(anonymous_5)","decl":{"start":{"line":37,"column":21},"end":{"line":37,"column":22}},"loc":{"start":{"line":37,"column":33},"end":{"line":45,"column":1}},"line":37},"6":{"name":"(anonymous_6)","decl":{"start":{"line":39,"column":29},"end":{"line":39,"column":30}},"loc":{"start":{"line":39,"column":47},"end":{"line":44,"column":5}},"line":39},"7":{"name":"(anonymous_7)","decl":{"start":{"line":40,"column":43},"end":{"line":40,"column":44}},"loc":{"start":{"line":40,"column":63},"end":{"line":43,"column":9}},"line":40},"8":{"name":"(anonymous_8)","decl":{"start":{"line":52,"column":17},"end":{"line":52,"column":18}},"loc":{"start":{"line":52,"column":30},"end":{"line":62,"column":1}},"line":52},"9":{"name":"(anonymous_9)","decl":{"start":{"line":56,"column":29},"end":{"line":56,"column":30}},"loc":{"start":{"line":56,"column":47},"end":{"line":61,"column":5}},"line":56},"10":{"name":"(anonymous_10)","decl":{"start":{"line":57,"column":47},"end":{"line":57,"column":48}},"loc":{"start":{"line":57,"column":67},"end":{"line":60,"column":9}},"line":57},"11":{"name":"(anonymous_11)","decl":{"start":{"line":63,"column":17},"end":{"line":63,"column":18}},"loc":{"start":{"line":63,"column":42},"end":{"line":71,"column":1}},"line":63},"12":{"name":"(anonymous_12)","decl":{"start":{"line":65,"column":29},"end":{"line":65,"column":30}},"loc":{"start":{"line":65,"column":47},"end":{"line":70,"column":5}},"line":65},"13":{"name":"(anonymous_13)","decl":{"start":{"line":66,"column":42},"end":{"line":66,"column":43}},"loc":{"start":{"line":66,"column":62},"end":{"line":69,"column":9}},"line":66}},"branchMap":{"0":{"loc":{"start":{"line":12,"column":4},"end":{"line":20,"column":5}},"type":"if","locations":[{"start":{"line":12,"column":4},"end":{"line":20,"column":5}},{"start":{},"end":{}}],"line":12},"1":{"loc":{"start":{"line":15,"column":16},"end":{"line":15,"column":36}},"type":"if","locations":[{"start":{"line":15,"column":16},"end":{"line":15,"column":36}},{"start":{},"end":{}}],"line":15},"2":{"loc":{"start":{"line":30,"column":4},"end":{"line":30,"column":33}},"type":"if","locations":[{"start":{"line":30,"column":4},"end":{"line":30,"column":33}},{"start":{},"end":{}}],"line":30},"3":{"loc":{"start":{"line":41,"column":12},"end":{"line":41,"column":32}},"type":"if","locations":[{"start":{"line":41,"column":12},"end":{"line":41,"column":32}},{"start":{},"end":{}}],"line":41},"4":{"loc":{"start":{"line":58,"column":12},"end":{"line":58,"column":32}},"type":"if","locations":[{"start":{"line":58,"column":12},"end":{"line":58,"column":32}},{"start":{},"end":{}}],"line":58},"5":{"loc":{"start":{"line":67,"column":12},"end":{"line":67,"column":32}},"type":"if","locations":[{"start":{"line":67,"column":12},"end":{"line":67,"column":32}},{"start":{},"end":{}}],"line":67}},"s":{"0":1,"1":1,"2":1,"3":0,"4":0,"5":0,"6":0,"7":0,"8":0,"9":0,"10":0,"11":0,"12":0,"13":1,"14":0,"15":0,"16":0,"17":0,"18":0,"19":0,"20":1,"21":0,"22":0,"23":0,"24":0,"25":0,"26":0,"27":1,"28":0,"29":0,"30":0,"31":0,"32":0,"33":0,"34":1,"35":0,"36":0,"37":0,"38":0,"39":0,"40":0,"41":1},"f":{"0":0,"1":0,"2":0,"3":0,"4":0,"5":0,"6":0,"7":0,"8":0,"9":0,"10":0,"11":0,"12":0,"13":0},"b":{"0":[0,0],"1":[0,0],"2":[0,0],"3":[0,0],"4":[0,0],"5":[0,0]},"_coverageSchema":"1a1c01bbd47fc00a2c39e90264f33305004495a9","hash":"81b31acef5e5d018bac3e4d5449efe4b1798af91"}
,"C:\\Users\\Berkay\\Desktop\\survey\\routes\\answer.js": {"path":"C:\\Users\\Berkay\\Desktop\\survey\\routes\\answer.js","statementMap":{"0":{"start":{"line":1,"column":14},"end":{"line":1,"column":32}},"1":{"start":{"line":2,"column":18},"end":{"line":2,"column":34}},"2":{"start":{"line":3,"column":24},"end":{"line":3,"column":76}},"3":{"start":{"line":4,"column":26},"end":{"line":4,"column":80}},"4":{"start":{"line":5,"column":32},"end":{"line":5,"column":92}},"5":{"start":{"line":6,"column":0},"end":{"line":8,"column":30}},"6":{"start":{"line":10,"column":0},"end":{"line":11,"column":36}},"7":{"start":{"line":12,"column":0},"end":{"line":12,"column":27}}},"fnMap":{},"branchMap":{},"s":{"0":1,"1":1,"2":1,"3":1,"4":1,"5":1,"6":1,"7":1},"f":{},"b":{},"_coverageSchema":"1a1c01bbd47fc00a2c39e90264f33305004495a9","hash":"e201f2d76033798ecfc28f69c8be2697d954e7b3"}
,"C:\\Users\\Berkay\\Desktop\\survey\\routes\\auth.js": {"path":"C:\\Users\\Berkay\\Desktop\\survey\\routes\\auth.js","statementMap":{"0":{"start":{"line":1,"column":14},"end":{"line":1,"column":32}},"1":{"start":{"line":2,"column":16},"end":{"line":2,"column":32}},"2":{"start":{"line":3,"column":22},"end":{"line":3,"column":70}},"3":{"start":{"line":4,"column":19},"end":{"line":4,"column":64}},"4":{"start":{"line":5,"column":20},"end":{"line":5,"column":66}},"5":{"start":{"line":6,"column":21},"end":{"line":6,"column":73}},"6":{"start":{"line":7,"column":16},"end":{"line":7,"column":50}},"7":{"start":{"line":9,"column":0},"end":{"line":9,"column":51}},"8":{"start":{"line":10,"column":0},"end":{"line":10,"column":45}},"9":{"start":{"line":11,"column":0},"end":{"line":11,"column":48}},"10":{"start":{"line":12,"column":0},"end":{"line":12,"column":56}},"11":{"start":{"line":14,"column":0},"end":{"line":14,"column":25}}},"fnMap":{},"branchMap":{},"s":{"0":1,"1":1,"2":1,"3":1,"4":1,"5":1,"6":1,"7":1,"8":1,"9":1,"10":1,"11":1},"f":{},"b":{},"_coverageSchema":"1a1c01bbd47fc00a2c39e90264f33305004495a9","hash":"f58d9b0d90e629175fc203b13f7462b8549071b8"}
,"C:\\Users\\Berkay\\Desktop\\survey\\routes\\roles.js": {"path":"C:\\Users\\Berkay\\Desktop\\survey\\routes\\roles.js","statementMap":{"0":{"start":{"line":1,"column":14},"end":{"line":1,"column":32}},"1":{"start":{"line":2,"column":16},"end":{"line":2,"column":32}},"2":{"start":{"line":3,"column":17},"end":{"line":3,"column":66}},"3":{"start":{"line":5,"column":0},"end":{"line":5,"column":35}},"4":{"start":{"line":7,"column":0},"end":{"line":7,"column":25}}},"fnMap":{},"branchMap":{},"s":{"0":1,"1":1,"2":1,"3":1,"4":1},"f":{},"b":{},"_coverageSchema":"1a1c01bbd47fc00a2c39e90264f33305004495a9","hash":"171731b0151cf6defbcf8aa26922aefd0e95d33b"}
,"C:\\Users\\Berkay\\Desktop\\survey\\routes\\survey.js": {"path":"C:\\Users\\Berkay\\Desktop\\survey\\routes\\survey.js","statementMap":{"0":{"start":{"line":1,"column":14},"end":{"line":1,"column":32}},"1":{"start":{"line":2,"column":18},"end":{"line":2,"column":34}},"2":{"start":{"line":3,"column":18},"end":{"line":3,"column":54}},"3":{"start":{"line":4,"column":15},"end":{"line":4,"column":45}},"4":{"start":{"line":5,"column":26},"end":{"line":5,"column":80}},"5":{"start":{"line":6,"column":23},"end":{"line":6,"column":77}},"6":{"start":{"line":7,"column":31},"end":{"line":7,"column":97}},"7":{"start":{"line":8,"column":28},"end":{"line":8,"column":86}},"8":{"start":{"line":9,"column":28},"end":{"line":9,"column":93}},"9":{"start":{"line":10,"column":0},"end":{"line":12,"column":35}},"10":{"start":{"line":15,"column":0},"end":{"line":16,"column":78}},"11":{"start":{"line":18,"column":0},"end":{"line":20,"column":32}},"12":{"start":{"line":22,"column":0},"end":{"line":22,"column":27}}},"fnMap":{},"branchMap":{},"s":{"0":1,"1":1,"2":1,"3":1,"4":1,"5":1,"6":1,"7":1,"8":1,"9":1,"10":1,"11":1,"12":1},"f":{},"b":{},"_coverageSchema":"1a1c01bbd47fc00a2c39e90264f33305004495a9","hash":"a87c6797635da71739f075ddc4c9f99badec93cd"}
}
